[Tue, 24 Apr 18 00:54:45 +0700][ERROR] [2]: CssController handler class cannot be loaded

[Tue, 24 Apr 18 00:54:46 +0700][ERROR] [2]: ImgController handler class cannot be loaded

[Tue, 24 Apr 18 00:54:46 +0700][ERROR] [2]: CssController handler class cannot be loaded

[Tue, 24 Apr 18 00:54:48 +0700][ERROR] [2]: CssController handler class cannot be loaded

[Tue, 24 Apr 18 00:54:48 +0700][ERROR] [2]: CssController handler class cannot be loaded

[Tue, 24 Apr 18 00:54:55 +0700][ERROR] [2]: CssController handler class cannot be loaded

[Tue, 24 Apr 18 00:54:58 +0700][ERROR] [2]: CssController handler class cannot be loaded

[Tue, 24 Apr 18 00:54:58 +0700][ERROR] [2]: CssController handler class cannot be loaded

[Tue, 24 Apr 18 00:55:04 +0700][ERROR] [2]: CssController handler class cannot be loaded

[Tue, 24 Apr 18 00:55:08 +0700][ERROR] [2]: CssController handler class cannot be loaded

[Tue, 24 Apr 18 00:55:11 +0700][ERROR] [2]: CssController handler class cannot be loaded

[Tue, 24 Apr 18 00:55:11 +0700][ERROR] [2]: CssController handler class cannot be loaded

[Tue, 24 Apr 18 00:55:23 +0700][ERROR] [2]: CssController handler class cannot be loaded

[Tue, 24 Apr 18 00:55:26 +0700][ERROR] [2]: CssController handler class cannot be loaded

[Tue, 24 Apr 18 00:55:26 +0700][ERROR] [2]: CssController handler class cannot be loaded

[Tue, 24 Apr 18 00:58:36 +0700][ERROR] [5]: Action 'event' was not found on handler 'event'

[Tue, 24 Apr 18 00:58:36 +0700][ERROR] [2]: CssController handler class cannot be loaded

[Tue, 24 Apr 18 00:58:43 +0700][ERROR] [2]: CssController handler class cannot be loaded

[Tue, 24 Apr 18 01:00:34 +0700][ERROR] [2]: CssController handler class cannot be loaded

[Tue, 24 Apr 18 01:00:38 +0700][ERROR] [2]: CssController handler class cannot be loaded

[Tue, 24 Apr 18 01:00:41 +0700][ERROR] [2]: CssController handler class cannot be loaded

[Tue, 24 Apr 18 01:00:43 +0700][ERROR] [2]: CssController handler class cannot be loaded

[Tue, 24 Apr 18 01:00:59 +0700][ERROR] [2]: CssController handler class cannot be loaded

[Tue, 24 Apr 18 01:01:00 +0700][ERROR] [2]: CssController handler class cannot be loaded

[Tue, 24 Apr 18 01:01:01 +0700][ERROR] [2]: CssController handler class cannot be loaded

[Tue, 24 Apr 18 01:01:02 +0700][ERROR] [2]: CssController handler class cannot be loaded

[Tue, 24 Apr 18 01:01:02 +0700][ERROR] [2]: CssController handler class cannot be loaded

[Tue, 24 Apr 18 01:01:03 +0700][ERROR] [2]: CssController handler class cannot be loaded

[Tue, 24 Apr 18 01:01:03 +0700][ERROR] [2]: CssController handler class cannot be loaded

[Tue, 24 Apr 18 01:01:04 +0700][ERROR] [2]: CssController handler class cannot be loaded

[Tue, 24 Apr 18 01:01:04 +0700][ERROR] [2]: CssController handler class cannot be loaded

[Tue, 24 Apr 18 01:01:05 +0700][ERROR] [2]: CssController handler class cannot be loaded

[Tue, 24 Apr 18 01:01:06 +0700][ERROR] [2]: CssController handler class cannot be loaded

[Tue, 24 Apr 18 01:01:07 +0700][ERROR] [2]: CssController handler class cannot be loaded

[Tue, 24 Apr 18 01:01:07 +0700][ERROR] [2]: CssController handler class cannot be loaded

[Tue, 24 Apr 18 01:01:08 +0700][ERROR] [2]: CssController handler class cannot be loaded

[Tue, 24 Apr 18 01:01:08 +0700][ERROR] [2]: CssController handler class cannot be loaded

[Tue, 24 Apr 18 01:01:23 +0700][ERROR] [2]: CssController handler class cannot be loaded

[Tue, 24 Apr 18 01:01:24 +0700][ERROR] [2]: CssController handler class cannot be loaded

[Tue, 24 Apr 18 01:01:24 +0700][ERROR] [2]: CssController handler class cannot be loaded

[Tue, 24 Apr 18 01:01:24 +0700][ERROR] [2]: CssController handler class cannot be loaded

[Tue, 24 Apr 18 01:01:26 +0700][ERROR] [2]: CssController handler class cannot be loaded

[Tue, 24 Apr 18 01:01:33 +0700][ERROR] [2]: CssController handler class cannot be loaded

[Tue, 24 Apr 18 01:01:33 +0700][ERROR] [2]: CssController handler class cannot be loaded

[Tue, 24 Apr 18 01:01:35 +0700][ERROR] [2]: CssController handler class cannot be loaded

[Tue, 24 Apr 18 01:01:35 +0700][ERROR] [2]: CssController handler class cannot be loaded

[Tue, 24 Apr 18 01:01:36 +0700][ERROR] [2]: CssController handler class cannot be loaded

[Tue, 24 Apr 18 01:01:36 +0700][ERROR] [2]: CssController handler class cannot be loaded

[Tue, 24 Apr 18 01:01:36 +0700][ERROR] [2]: CssController handler class cannot be loaded

[Tue, 24 Apr 18 01:01:36 +0700][ERROR] [2]: CssController handler class cannot be loaded

[Tue, 24 Apr 18 01:01:37 +0700][ERROR] [2]: CssController handler class cannot be loaded

[Tue, 24 Apr 18 01:01:37 +0700][ERROR] [2]: CssController handler class cannot be loaded

[Tue, 24 Apr 18 01:01:37 +0700][ERROR] [2]: CssController handler class cannot be loaded

[Tue, 24 Apr 18 01:01:37 +0700][ERROR] [2]: CssController handler class cannot be loaded

[Tue, 24 Apr 18 01:01:38 +0700][ERROR] [2]: CssController handler class cannot be loaded

[Tue, 24 Apr 18 01:01:38 +0700][ERROR] [2]: CssController handler class cannot be loaded

[Tue, 24 Apr 18 01:01:38 +0700][ERROR] [2]: CssController handler class cannot be loaded

[Tue, 24 Apr 18 01:01:39 +0700][ERROR] [2]: CssController handler class cannot be loaded

[Tue, 24 Apr 18 01:01:39 +0700][ERROR] [2]: CssController handler class cannot be loaded

[Tue, 24 Apr 18 01:01:40 +0700][ERROR] [2]: CssController handler class cannot be loaded

[Tue, 24 Apr 18 01:01:40 +0700][ERROR] [2]: CssController handler class cannot be loaded

[Tue, 24 Apr 18 01:01:41 +0700][ERROR] [2]: CssController handler class cannot be loaded

[Tue, 24 Apr 18 01:01:41 +0700][ERROR] [2]: CssController handler class cannot be loaded

[Tue, 24 Apr 18 01:01:43 +0700][ERROR] [2]: CssController handler class cannot be loaded

[Tue, 24 Apr 18 01:01:43 +0700][ERROR] [2]: CssController handler class cannot be loaded

[Tue, 24 Apr 18 01:01:45 +0700][ERROR] [2]: CssController handler class cannot be loaded

[Tue, 24 Apr 18 01:01:46 +0700][ERROR] [2]: CssController handler class cannot be loaded

[Tue, 24 Apr 18 01:01:46 +0700][ERROR] [2]: CssController handler class cannot be loaded

[Tue, 24 Apr 18 01:01:46 +0700][ERROR] [2]: CssController handler class cannot be loaded

[Tue, 24 Apr 18 01:01:50 +0700][ERROR] [5]: Action 'event' was not found on handler 'event'

[Tue, 24 Apr 18 01:01:51 +0700][ERROR] [2]: CssController handler class cannot be loaded

[Tue, 24 Apr 18 01:01:51 +0700][ERROR] [2]: CssController handler class cannot be loaded

[Tue, 24 Apr 18 01:01:56 +0700][ERROR] [2]: CssController handler class cannot be loaded

[Tue, 24 Apr 18 01:01:56 +0700][ERROR] [2]: CssController handler class cannot be loaded

[Tue, 24 Apr 18 01:01:57 +0700][ERROR] [5]: Action 'event' was not found on handler 'event'

[Tue, 24 Apr 18 01:01:57 +0700][ERROR] [2]: CssController handler class cannot be loaded

[Tue, 24 Apr 18 01:01:57 +0700][ERROR] [2]: CssController handler class cannot be loaded

[Tue, 24 Apr 18 01:02:02 +0700][ERROR] [2]: CssController handler class cannot be loaded

[Tue, 24 Apr 18 01:02:05 +0700][ERROR] [2]: CssController handler class cannot be loaded

[Tue, 24 Apr 18 01:02:05 +0700][ERROR] [2]: CssController handler class cannot be loaded

[Tue, 24 Apr 18 01:02:06 +0700][ERROR] [2]: CssController handler class cannot be loaded

[Tue, 24 Apr 18 01:02:06 +0700][ERROR] [2]: CssController handler class cannot be loaded

[Tue, 24 Apr 18 01:02:07 +0700][ERROR] [2]: CssController handler class cannot be loaded

[Tue, 24 Apr 18 01:02:07 +0700][ERROR] [2]: CssController handler class cannot be loaded

[Tue, 24 Apr 18 01:02:09 +0700][ERROR] [2]: CssController handler class cannot be loaded

[Tue, 24 Apr 18 01:02:09 +0700][ERROR] [2]: CssController handler class cannot be loaded

[Tue, 24 Apr 18 01:02:11 +0700][ERROR] [2]: CssController handler class cannot be loaded

[Tue, 24 Apr 18 01:02:11 +0700][ERROR] [2]: CssController handler class cannot be loaded

[Tue, 24 Apr 18 01:02:12 +0700][ERROR] [2]: CssController handler class cannot be loaded

[Tue, 24 Apr 18 01:02:12 +0700][ERROR] [2]: CssController handler class cannot be loaded

[Tue, 24 Apr 18 01:02:14 +0700][ERROR] [2]: CssController handler class cannot be loaded

[Tue, 24 Apr 18 01:02:14 +0700][ERROR] [2]: CssController handler class cannot be loaded

[Tue, 24 Apr 18 01:02:15 +0700][ERROR] [2]: CssController handler class cannot be loaded

[Tue, 24 Apr 18 01:02:16 +0700][ERROR] [2]: CssController handler class cannot be loaded

[Tue, 24 Apr 18 01:02:16 +0700][ERROR] [2]: CssController handler class cannot be loaded

[Tue, 24 Apr 18 01:02:16 +0700][ERROR] [2]: CssController handler class cannot be loaded

[Tue, 24 Apr 18 01:02:17 +0700][ERROR] [2]: CssController handler class cannot be loaded

[Tue, 24 Apr 18 01:02:19 +0700][ERROR] [2]: CssController handler class cannot be loaded

[Tue, 24 Apr 18 01:02:19 +0700][ERROR] [2]: CssController handler class cannot be loaded

[Tue, 24 Apr 18 01:02:20 +0700][ERROR] [2]: CssController handler class cannot be loaded

[Tue, 24 Apr 18 01:02:20 +0700][ERROR] [2]: CssController handler class cannot be loaded

[Tue, 24 Apr 18 01:02:21 +0700][ERROR] [2]: CssController handler class cannot be loaded

[Tue, 24 Apr 18 01:03:30 +0700][ERROR] [5]: Action 'event' was not found on handler 'event'

[Tue, 24 Apr 18 01:03:30 +0700][ERROR] [2]: CssController handler class cannot be loaded

[Tue, 24 Apr 18 01:03:30 +0700][ERROR] [2]: CssController handler class cannot be loaded

[Tue, 24 Apr 18 01:03:31 +0700][ERROR] [5]: Action 'event' was not found on handler 'event'

[Tue, 24 Apr 18 01:03:31 +0700][ERROR] [2]: CssController handler class cannot be loaded

[Tue, 24 Apr 18 01:03:31 +0700][ERROR] [2]: CssController handler class cannot be loaded

[Tue, 24 Apr 18 01:03:33 +0700][ERROR] [2]: CssController handler class cannot be loaded

[Tue, 24 Apr 18 01:03:33 +0700][ERROR] [2]: CssController handler class cannot be loaded

[Tue, 24 Apr 18 01:03:34 +0700][ERROR] [2]: CssController handler class cannot be loaded

[Tue, 24 Apr 18 01:03:34 +0700][ERROR] [2]: CssController handler class cannot be loaded

[Tue, 24 Apr 18 01:03:35 +0700][ERROR] [2]: CssController handler class cannot be loaded

[Tue, 24 Apr 18 01:03:35 +0700][ERROR] [2]: CssController handler class cannot be loaded

[Tue, 24 Apr 18 01:03:35 +0700][ERROR] [2]: CssController handler class cannot be loaded

[Tue, 24 Apr 18 01:03:35 +0700][ERROR] [2]: CssController handler class cannot be loaded

[Tue, 24 Apr 18 01:03:37 +0700][ERROR] [2]: CssController handler class cannot be loaded

[Tue, 24 Apr 18 01:03:37 +0700][ERROR] [2]: CssController handler class cannot be loaded

[Tue, 24 Apr 18 01:03:38 +0700][ERROR] [2]: CssController handler class cannot be loaded

[Tue, 24 Apr 18 01:03:38 +0700][ERROR] [2]: CssController handler class cannot be loaded

[Tue, 24 Apr 18 01:03:39 +0700][ERROR] [2]: CssController handler class cannot be loaded

[Tue, 24 Apr 18 01:03:39 +0700][ERROR] [2]: CssController handler class cannot be loaded

[Tue, 24 Apr 18 01:03:39 +0700][ERROR] [2]: CssController handler class cannot be loaded

[Tue, 24 Apr 18 01:03:40 +0700][ERROR] [2]: CssController handler class cannot be loaded

[Tue, 24 Apr 18 01:03:41 +0700][ERROR] [2]: CssController handler class cannot be loaded

[Tue, 24 Apr 18 01:03:42 +0700][ERROR] [2]: CssController handler class cannot be loaded

[Tue, 24 Apr 18 01:03:42 +0700][ERROR] [2]: CssController handler class cannot be loaded

[Tue, 24 Apr 18 01:03:46 +0700][ERROR] [2]: CssController handler class cannot be loaded

[Tue, 24 Apr 18 01:03:48 +0700][ERROR] [2]: CssController handler class cannot be loaded

[Tue, 24 Apr 18 01:03:49 +0700][ERROR] [2]: CssController handler class cannot be loaded

[Tue, 24 Apr 18 01:03:50 +0700][ERROR] [2]: CssController handler class cannot be loaded

[Tue, 24 Apr 18 01:03:50 +0700][ERROR] [2]: CssController handler class cannot be loaded

[Tue, 24 Apr 18 01:03:51 +0700][ERROR] [2]: CssController handler class cannot be loaded

[Tue, 24 Apr 18 01:03:51 +0700][ERROR] [2]: CssController handler class cannot be loaded

[Tue, 24 Apr 18 01:03:52 +0700][ERROR] [2]: CssController handler class cannot be loaded

[Tue, 24 Apr 18 01:03:52 +0700][ERROR] [2]: CssController handler class cannot be loaded

[Tue, 24 Apr 18 01:03:53 +0700][ERROR] [2]: CssController handler class cannot be loaded

[Tue, 24 Apr 18 01:03:53 +0700][ERROR] [2]: CssController handler class cannot be loaded

[Tue, 24 Apr 18 01:03:53 +0700][ERROR] [2]: CssController handler class cannot be loaded

[Tue, 24 Apr 18 01:03:54 +0700][ERROR] [2]: CssController handler class cannot be loaded

[Tue, 24 Apr 18 01:03:55 +0700][ERROR] [2]: CssController handler class cannot be loaded

[Tue, 24 Apr 18 01:03:55 +0700][ERROR] [2]: CssController handler class cannot be loaded

[Tue, 24 Apr 18 01:03:55 +0700][ERROR] [2]: CssController handler class cannot be loaded

[Tue, 24 Apr 18 01:03:56 +0700][ERROR] [2]: CssController handler class cannot be loaded

[Tue, 24 Apr 18 01:03:57 +0700][ERROR] [2]: CssController handler class cannot be loaded

[Tue, 24 Apr 18 01:03:57 +0700][ERROR] [2]: CssController handler class cannot be loaded

[Tue, 24 Apr 18 01:03:57 +0700][ERROR] [2]: CssController handler class cannot be loaded

[Tue, 24 Apr 18 01:03:58 +0700][ERROR] [2]: CssController handler class cannot be loaded

[Tue, 24 Apr 18 01:03:59 +0700][ERROR] [2]: CssController handler class cannot be loaded

[Tue, 24 Apr 18 01:03:59 +0700][ERROR] [2]: CssController handler class cannot be loaded

[Tue, 24 Apr 18 01:03:59 +0700][ERROR] [2]: CssController handler class cannot be loaded

[Tue, 24 Apr 18 01:04:00 +0700][ERROR] [2]: CssController handler class cannot be loaded

[Tue, 24 Apr 18 01:04:00 +0700][ERROR] [2]: CssController handler class cannot be loaded

[Tue, 24 Apr 18 01:04:00 +0700][ERROR] [2]: CssController handler class cannot be loaded

[Tue, 24 Apr 18 01:04:03 +0700][ERROR] [2]: CssController handler class cannot be loaded

[Tue, 24 Apr 18 01:04:06 +0700][ERROR] [2]: CssController handler class cannot be loaded

[Tue, 24 Apr 18 01:04:06 +0700][ERROR] [2]: CssController handler class cannot be loaded

[Tue, 24 Apr 18 01:04:08 +0700][ERROR] [2]: CssController handler class cannot be loaded

[Tue, 24 Apr 18 01:04:11 +0700][ERROR] [2]: CssController handler class cannot be loaded

[Tue, 24 Apr 18 01:04:11 +0700][ERROR] [2]: CssController handler class cannot be loaded

[Tue, 24 Apr 18 01:04:13 +0700][ERROR] [2]: CssController handler class cannot be loaded

[Tue, 24 Apr 18 01:04:14 +0700][ERROR] [2]: CssController handler class cannot be loaded

[Tue, 24 Apr 18 01:04:15 +0700][ERROR] [2]: CssController handler class cannot be loaded

[Tue, 24 Apr 18 01:04:16 +0700][ERROR] [2]: CssController handler class cannot be loaded

[Tue, 24 Apr 18 01:04:16 +0700][ERROR] [2]: CssController handler class cannot be loaded

[Tue, 24 Apr 18 01:04:17 +0700][ERROR] [2]: CssController handler class cannot be loaded

[Tue, 24 Apr 18 01:04:30 +0700][ERROR] [2]: CssController handler class cannot be loaded

[Tue, 24 Apr 18 01:04:30 +0700][ERROR] [2]: CssController handler class cannot be loaded

[Tue, 24 Apr 18 01:04:33 +0700][ERROR] [2]: CssController handler class cannot be loaded

[Tue, 24 Apr 18 01:04:34 +0700][ERROR] [2]: CssController handler class cannot be loaded

[Tue, 24 Apr 18 01:04:34 +0700][ERROR] [2]: CssController handler class cannot be loaded

[Tue, 24 Apr 18 01:04:35 +0700][ERROR] [2]: CssController handler class cannot be loaded

[Tue, 24 Apr 18 01:04:35 +0700][ERROR] [2]: CssController handler class cannot be loaded

[Tue, 24 Apr 18 01:04:35 +0700][ERROR] [2]: CssController handler class cannot be loaded

[Tue, 24 Apr 18 01:04:35 +0700][ERROR] [2]: CssController handler class cannot be loaded

[Tue, 24 Apr 18 01:04:38 +0700][ERROR] [2]: CssController handler class cannot be loaded

[Tue, 24 Apr 18 01:05:05 +0700][ERROR] [2]: CssController handler class cannot be loaded

[Tue, 24 Apr 18 01:05:05 +0700][ERROR] [2]: CssController handler class cannot be loaded

[Tue, 24 Apr 18 01:05:06 +0700][ERROR] [2]: CssController handler class cannot be loaded

[Tue, 24 Apr 18 01:05:06 +0700][ERROR] [2]: CssController handler class cannot be loaded

[Tue, 24 Apr 18 01:05:07 +0700][ERROR] [2]: CssController handler class cannot be loaded

[Tue, 24 Apr 18 01:05:07 +0700][ERROR] [2]: CssController handler class cannot be loaded

[Tue, 24 Apr 18 01:05:08 +0700][ERROR] [2]: CssController handler class cannot be loaded

[Tue, 24 Apr 18 01:05:10 +0700][ERROR] [2]: CssController handler class cannot be loaded

[Tue, 24 Apr 18 01:05:10 +0700][ERROR] [2]: CssController handler class cannot be loaded

[Tue, 24 Apr 18 01:05:11 +0700][ERROR] [2]: CssController handler class cannot be loaded

[Tue, 24 Apr 18 01:05:25 +0700][ERROR] [2]: CssController handler class cannot be loaded

[Tue, 24 Apr 18 01:05:25 +0700][ERROR] [2]: CssController handler class cannot be loaded

[Tue, 24 Apr 18 01:05:26 +0700][ERROR] [2]: CssController handler class cannot be loaded

[Tue, 24 Apr 18 01:05:38 +0700][ERROR] [2]: CssController handler class cannot be loaded

[Tue, 24 Apr 18 01:05:38 +0700][ERROR] [2]: CssController handler class cannot be loaded

[Tue, 24 Apr 18 01:05:38 +0700][ERROR] [2]: CssController handler class cannot be loaded

[Tue, 24 Apr 18 01:05:41 +0700][ERROR] [2]: CssController handler class cannot be loaded

[Tue, 24 Apr 18 01:05:42 +0700][ERROR] [2]: CssController handler class cannot be loaded

[Tue, 24 Apr 18 01:05:43 +0700][ERROR] [2]: CssController handler class cannot be loaded

[Tue, 24 Apr 18 01:05:45 +0700][ERROR] [2]: CssController handler class cannot be loaded

[Tue, 24 Apr 18 01:05:45 +0700][ERROR] [2]: CssController handler class cannot be loaded

[Tue, 24 Apr 18 01:05:47 +0700][ERROR] [2]: CssController handler class cannot be loaded

[Tue, 24 Apr 18 01:05:48 +0700][ERROR] [2]: CssController handler class cannot be loaded

[Tue, 24 Apr 18 01:05:49 +0700][ERROR] [2]: CssController handler class cannot be loaded

[Tue, 24 Apr 18 01:05:50 +0700][ERROR] [2]: CssController handler class cannot be loaded

[Tue, 24 Apr 18 01:05:50 +0700][ERROR] [2]: CssController handler class cannot be loaded

[Tue, 24 Apr 18 01:05:51 +0700][ERROR] [2]: CssController handler class cannot be loaded

[Tue, 24 Apr 18 01:05:51 +0700][ERROR] [2]: CssController handler class cannot be loaded

[Tue, 24 Apr 18 01:06:09 +0700][ERROR] [2]: CssController handler class cannot be loaded

[Tue, 24 Apr 18 01:06:09 +0700][ERROR] [2]: CssController handler class cannot be loaded

[Tue, 24 Apr 18 01:06:10 +0700][ERROR] [2]: AboutController handler class cannot be loaded

[Tue, 24 Apr 18 01:06:10 +0700][ERROR] [2]: CssController handler class cannot be loaded

[Tue, 24 Apr 18 01:06:12 +0700][ERROR] [2]: CssController handler class cannot be loaded

[Tue, 24 Apr 18 01:06:17 +0700][ERROR] [2]: AboutController handler class cannot be loaded

[Tue, 24 Apr 18 01:06:17 +0700][ERROR] [2]: CssController handler class cannot be loaded

[Tue, 24 Apr 18 01:06:17 +0700][ERROR] [2]: CssController handler class cannot be loaded

[Tue, 24 Apr 18 01:06:18 +0700][ERROR] [2]: CssController handler class cannot be loaded

[Tue, 24 Apr 18 01:06:18 +0700][ERROR] [2]: CssController handler class cannot be loaded

[Tue, 24 Apr 18 01:06:19 +0700][ERROR] [2]: CssController handler class cannot be loaded

[Tue, 24 Apr 18 01:06:19 +0700][ERROR] [2]: CssController handler class cannot be loaded

[Tue, 24 Apr 18 21:12:29 +0700][ERROR] [2]: CssController handler class cannot be loaded

[Tue, 24 Apr 18 21:12:29 +0700][ERROR] [2]: CssController handler class cannot be loaded

[Tue, 24 Apr 18 21:12:41 +0700][ERROR] [2]: CssController handler class cannot be loaded

[Tue, 24 Apr 18 21:12:41 +0700][ERROR] [2]: CssController handler class cannot be loaded

[Tue, 24 Apr 18 21:12:46 +0700][ERROR] [2]: CssController handler class cannot be loaded

[Tue, 24 Apr 18 21:12:46 +0700][ERROR] [2]: CssController handler class cannot be loaded

[Tue, 24 Apr 18 21:12:48 +0700][ERROR] [2]: CssController handler class cannot be loaded

[Tue, 24 Apr 18 21:12:48 +0700][ERROR] [2]: CssController handler class cannot be loaded

[Tue, 24 Apr 18 21:12:51 +0700][ERROR] [2]: CssController handler class cannot be loaded

[Tue, 24 Apr 18 21:12:57 +0700][ERROR] [2]: CssController handler class cannot be loaded

[Tue, 24 Apr 18 21:12:57 +0700][ERROR] [2]: CssController handler class cannot be loaded

[Tue, 24 Apr 18 21:12:59 +0700][ERROR] [2]: CssController handler class cannot be loaded

[Tue, 24 Apr 18 21:12:59 +0700][ERROR] [2]: CssController handler class cannot be loaded

[Tue, 24 Apr 18 21:13:04 +0700][ERROR] [2]: CssController handler class cannot be loaded

[Tue, 24 Apr 18 21:13:04 +0700][ERROR] [2]: CssController handler class cannot be loaded

[Tue, 24 Apr 18 21:13:06 +0700][ERROR] [2]: CssController handler class cannot be loaded

[Tue, 24 Apr 18 21:24:16 +0700][ERROR] [2]: CssController handler class cannot be loaded

[Tue, 24 Apr 18 21:24:16 +0700][ERROR] [2]: CssController handler class cannot be loaded

[Tue, 24 Apr 18 21:24:20 +0700][ERROR] [2]: CssController handler class cannot be loaded

[Tue, 24 Apr 18 21:24:20 +0700][ERROR] [2]: CssController handler class cannot be loaded

[Tue, 24 Apr 18 21:24:23 +0700][ERROR] [2]: CssController handler class cannot be loaded

[Tue, 24 Apr 18 21:24:23 +0700][ERROR] [2]: CssController handler class cannot be loaded

[Tue, 24 Apr 18 21:26:23 +0700][ERROR] [2]: CssController handler class cannot be loaded

[Tue, 24 Apr 18 21:26:24 +0700][ERROR] [2]: CssController handler class cannot be loaded

[Tue, 24 Apr 18 21:26:44 +0700][ERROR] [2]: CssController handler class cannot be loaded

[Tue, 24 Apr 18 21:26:44 +0700][ERROR] [2]: CssController handler class cannot be loaded

[Tue, 24 Apr 18 21:26:58 +0700][ERROR] [2]: CssController handler class cannot be loaded

[Tue, 24 Apr 18 21:26:58 +0700][ERROR] [2]: CssController handler class cannot be loaded

[Tue, 24 Apr 18 21:28:37 +0700][ERROR] [2]: CssController handler class cannot be loaded

[Tue, 24 Apr 18 21:28:37 +0700][ERROR] [2]: CssController handler class cannot be loaded

[Tue, 24 Apr 18 21:28:49 +0700][ERROR] [2]: CssController handler class cannot be loaded

[Tue, 24 Apr 18 21:28:50 +0700][ERROR] [2]: CssController handler class cannot be loaded

[Tue, 24 Apr 18 21:30:12 +0700][ERROR] [2]: CssController handler class cannot be loaded

[Tue, 24 Apr 18 21:30:12 +0700][ERROR] [2]: CssController handler class cannot be loaded

[Tue, 24 Apr 18 21:33:13 +0700][ERROR] [2]: CssController handler class cannot be loaded

[Tue, 24 Apr 18 21:33:16 +0700][ERROR] [2]: CssController handler class cannot be loaded

[Tue, 24 Apr 18 21:33:16 +0700][ERROR] [2]: CssController handler class cannot be loaded

[Tue, 24 Apr 18 21:33:31 +0700][ERROR] [2]: CssController handler class cannot be loaded

[Tue, 24 Apr 18 21:33:31 +0700][ERROR] [2]: CssController handler class cannot be loaded

[Tue, 24 Apr 18 21:35:17 +0700][ERROR] [2]: CssController handler class cannot be loaded

[Tue, 24 Apr 18 21:35:18 +0700][ERROR] [2]: CssController handler class cannot be loaded

[Tue, 24 Apr 18 21:35:19 +0700][ERROR] [2]: CssController handler class cannot be loaded

[Tue, 24 Apr 18 21:35:19 +0700][ERROR] [2]: CssController handler class cannot be loaded

[Tue, 24 Apr 18 21:35:27 +0700][ERROR] [2]: CssController handler class cannot be loaded

[Tue, 24 Apr 18 21:35:27 +0700][ERROR] [2]: CssController handler class cannot be loaded

[Tue, 24 Apr 18 21:35:32 +0700][ERROR] [5]: Action 'setId' was not found on handler 'event'

[Tue, 24 Apr 18 21:35:32 +0700][ERROR] [2]: CssController handler class cannot be loaded

[Tue, 24 Apr 18 21:35:32 +0700][ERROR] [2]: CssController handler class cannot be loaded

[Tue, 24 Apr 18 21:35:40 +0700][ERROR] [2]: CssController handler class cannot be loaded

[Tue, 24 Apr 18 21:35:40 +0700][ERROR] [2]: CssController handler class cannot be loaded

[Tue, 24 Apr 18 21:35:42 +0700][ERROR] [5]: Action 'setId' was not found on handler 'event'

[Tue, 24 Apr 18 21:35:42 +0700][ERROR] [2]: CssController handler class cannot be loaded

[Tue, 24 Apr 18 21:35:42 +0700][ERROR] [2]: CssController handler class cannot be loaded

[Tue, 24 Apr 18 21:35:44 +0700][ERROR] [2]: CssController handler class cannot be loaded

[Tue, 24 Apr 18 21:35:44 +0700][ERROR] [2]: CssController handler class cannot be loaded

[Tue, 24 Apr 18 21:35:45 +0700][ERROR] [5]: Action 'setId' was not found on handler 'event'

[Tue, 24 Apr 18 21:35:45 +0700][ERROR] [2]: CssController handler class cannot be loaded

[Tue, 24 Apr 18 21:35:45 +0700][ERROR] [2]: CssController handler class cannot be loaded

[Tue, 24 Apr 18 21:35:47 +0700][ERROR] [2]: CssController handler class cannot be loaded

[Tue, 24 Apr 18 21:35:48 +0700][ERROR] [2]: CssController handler class cannot be loaded

[Tue, 24 Apr 18 21:36:02 +0700][ERROR] [2]: CssController handler class cannot be loaded

[Tue, 24 Apr 18 21:36:02 +0700][ERROR] [2]: CssController handler class cannot be loaded

[Tue, 24 Apr 18 21:36:04 +0700][ERROR] [2]: CssController handler class cannot be loaded

[Tue, 24 Apr 18 21:36:04 +0700][ERROR] [2]: CssController handler class cannot be loaded

[Tue, 24 Apr 18 21:36:08 +0700][ERROR] [2]: CssController handler class cannot be loaded

[Tue, 24 Apr 18 21:36:08 +0700][ERROR] [2]: CssController handler class cannot be loaded

[Tue, 24 Apr 18 21:38:14 +0700][ERROR] [2]: CssController handler class cannot be loaded

[Tue, 24 Apr 18 21:38:14 +0700][ERROR] [2]: CssController handler class cannot be loaded

[Tue, 24 Apr 18 21:38:16 +0700][ERROR] [2]: CssController handler class cannot be loaded

[Tue, 24 Apr 18 21:38:16 +0700][ERROR] [2]: CssController handler class cannot be loaded

[Tue, 24 Apr 18 21:38:17 +0700][ERROR] [2]: CssController handler class cannot be loaded

[Tue, 24 Apr 18 21:38:18 +0700][ERROR] [2]: CssController handler class cannot be loaded

[Tue, 24 Apr 18 21:38:25 +0700][ERROR] [2]: CssController handler class cannot be loaded

[Tue, 24 Apr 18 21:38:25 +0700][ERROR] [2]: CssController handler class cannot be loaded

[Tue, 24 Apr 18 21:38:26 +0700][ERROR] [2]: CssController handler class cannot be loaded

[Tue, 24 Apr 18 21:38:26 +0700][ERROR] [2]: CssController handler class cannot be loaded

[Tue, 24 Apr 18 21:38:31 +0700][ERROR] [2]: CssController handler class cannot be loaded

[Tue, 24 Apr 18 21:38:31 +0700][ERROR] [2]: CssController handler class cannot be loaded

[Tue, 24 Apr 18 21:41:28 +0700][ERROR] [2]: CssController handler class cannot be loaded

[Tue, 24 Apr 18 21:41:28 +0700][ERROR] [2]: CssController handler class cannot be loaded

[Tue, 24 Apr 18 21:41:34 +0700][ERROR] [5]: Action 'deleteId' was not found on handler 'event'

[Tue, 24 Apr 18 21:41:34 +0700][ERROR] [2]: CssController handler class cannot be loaded

[Tue, 24 Apr 18 21:41:34 +0700][ERROR] [2]: CssController handler class cannot be loaded

[Tue, 24 Apr 18 21:41:48 +0700][ERROR] [2]: CssController handler class cannot be loaded

[Tue, 24 Apr 18 21:41:48 +0700][ERROR] [2]: CssController handler class cannot be loaded

[Tue, 24 Apr 18 21:41:49 +0700][ERROR] [5]: Action 'deleteId' was not found on handler 'event'

[Tue, 24 Apr 18 21:41:49 +0700][ERROR] [2]: CssController handler class cannot be loaded

[Tue, 24 Apr 18 21:41:49 +0700][ERROR] [2]: CssController handler class cannot be loaded

[Tue, 24 Apr 18 21:41:50 +0700][ERROR] [2]: CssController handler class cannot be loaded

[Tue, 24 Apr 18 21:41:50 +0700][ERROR] [2]: CssController handler class cannot be loaded

[Tue, 24 Apr 18 21:41:52 +0700][ERROR] [5]: Action 'deleteId' was not found on handler 'event'

[Tue, 24 Apr 18 21:41:52 +0700][ERROR] [2]: CssController handler class cannot be loaded

[Tue, 24 Apr 18 21:41:52 +0700][ERROR] [2]: CssController handler class cannot be loaded

[Tue, 24 Apr 18 21:41:53 +0700][ERROR] [2]: CssController handler class cannot be loaded

[Tue, 24 Apr 18 21:41:53 +0700][ERROR] [2]: CssController handler class cannot be loaded

[Tue, 24 Apr 18 21:41:54 +0700][ERROR] [5]: Action 'deleteId' was not found on handler 'event'

[Tue, 24 Apr 18 21:41:54 +0700][ERROR] [2]: CssController handler class cannot be loaded

[Tue, 24 Apr 18 21:41:54 +0700][ERROR] [2]: CssController handler class cannot be loaded

[Tue, 24 Apr 18 21:41:59 +0700][ERROR] [2]: CssController handler class cannot be loaded

[Tue, 24 Apr 18 21:41:59 +0700][ERROR] [2]: CssController handler class cannot be loaded

[Tue, 24 Apr 18 21:42:58 +0700][ERROR] [2]: CssController handler class cannot be loaded

[Tue, 24 Apr 18 21:42:58 +0700][ERROR] [2]: CssController handler class cannot be loaded

[Tue, 24 Apr 18 21:43:09 +0700][ERROR] [2]: CssController handler class cannot be loaded

[Tue, 24 Apr 18 21:43:10 +0700][ERROR] [2]: CssController handler class cannot be loaded

[Tue, 24 Apr 18 21:43:16 +0700][ERROR] [5]: Action 'setId' was not found on handler 'event'

[Tue, 24 Apr 18 21:43:16 +0700][ERROR] [2]: CssController handler class cannot be loaded

[Tue, 24 Apr 18 21:43:16 +0700][ERROR] [2]: CssController handler class cannot be loaded

[Tue, 24 Apr 18 21:43:18 +0700][ERROR] [2]: CssController handler class cannot be loaded

[Tue, 24 Apr 18 21:43:18 +0700][ERROR] [2]: CssController handler class cannot be loaded

[Tue, 24 Apr 18 21:43:25 +0700][ERROR] [2]: CssController handler class cannot be loaded

[Tue, 24 Apr 18 21:43:25 +0700][ERROR] [2]: CssController handler class cannot be loaded

[Tue, 24 Apr 18 21:43:27 +0700][ERROR] [2]: CssController handler class cannot be loaded

[Tue, 24 Apr 18 21:43:27 +0700][ERROR] [2]: CssController handler class cannot be loaded

[Tue, 24 Apr 18 21:43:30 +0700][ERROR] [5]: Action 'deleteId' was not found on handler 'event'

[Tue, 24 Apr 18 21:43:30 +0700][ERROR] [2]: CssController handler class cannot be loaded

[Tue, 24 Apr 18 21:43:30 +0700][ERROR] [2]: CssController handler class cannot be loaded

[Tue, 24 Apr 18 21:43:31 +0700][ERROR] [2]: CssController handler class cannot be loaded

[Tue, 24 Apr 18 21:43:31 +0700][ERROR] [2]: CssController handler class cannot be loaded

[Tue, 24 Apr 18 21:46:35 +0700][ERROR] [2]: CssController handler class cannot be loaded

[Tue, 24 Apr 18 21:46:35 +0700][ERROR] [2]: CssController handler class cannot be loaded

[Tue, 24 Apr 18 21:51:12 +0700][ERROR] [2]: CssController handler class cannot be loaded

[Tue, 24 Apr 18 21:51:49 +0700][ERROR] [2]: CssController handler class cannot be loaded

[Tue, 24 Apr 18 21:51:50 +0700][ERROR] [2]: CssController handler class cannot be loaded

[Tue, 24 Apr 18 21:51:53 +0700][ERROR] [2]: CssController handler class cannot be loaded

[Tue, 24 Apr 18 21:51:53 +0700][ERROR] [2]: CssController handler class cannot be loaded

[Tue, 24 Apr 18 21:51:55 +0700][ERROR] [2]: CssController handler class cannot be loaded

[Tue, 24 Apr 18 21:51:55 +0700][ERROR] [2]: CssController handler class cannot be loaded

[Tue, 24 Apr 18 21:52:30 +0700][ERROR] [2]: CssController handler class cannot be loaded

[Tue, 24 Apr 18 21:52:30 +0700][ERROR] [2]: CssController handler class cannot be loaded

[Tue, 24 Apr 18 21:52:57 +0700][ERROR] [2]: CssController handler class cannot be loaded

[Tue, 24 Apr 18 21:52:58 +0700][ERROR] [2]: CssController handler class cannot be loaded

[Tue, 24 Apr 18 21:52:59 +0700][ERROR] [2]: CssController handler class cannot be loaded

[Tue, 24 Apr 18 21:53:00 +0700][ERROR] [2]: CssController handler class cannot be loaded

[Tue, 24 Apr 18 21:53:06 +0700][ERROR] [2]: CssController handler class cannot be loaded

[Tue, 24 Apr 18 21:53:06 +0700][ERROR] [2]: CssController handler class cannot be loaded

[Tue, 24 Apr 18 21:53:07 +0700][ERROR] [2]: CssController handler class cannot be loaded

[Tue, 24 Apr 18 21:53:07 +0700][ERROR] [2]: CssController handler class cannot be loaded

[Tue, 24 Apr 18 21:53:09 +0700][ERROR] [2]: CssController handler class cannot be loaded

[Tue, 24 Apr 18 21:53:09 +0700][ERROR] [2]: CssController handler class cannot be loaded

[Tue, 24 Apr 18 21:53:10 +0700][ERROR] [2]: CssController handler class cannot be loaded

[Tue, 24 Apr 18 21:53:10 +0700][ERROR] [2]: CssController handler class cannot be loaded

[Tue, 24 Apr 18 21:53:12 +0700][ERROR] [2]: CssController handler class cannot be loaded

[Tue, 24 Apr 18 21:53:12 +0700][ERROR] [2]: CssController handler class cannot be loaded

[Tue, 24 Apr 18 21:53:13 +0700][ERROR] [2]: CssController handler class cannot be loaded

[Tue, 24 Apr 18 21:53:13 +0700][ERROR] [2]: CssController handler class cannot be loaded

[Tue, 24 Apr 18 21:53:23 +0700][ERROR] [2]: CssController handler class cannot be loaded

[Tue, 24 Apr 18 21:53:23 +0700][ERROR] [2]: CssController handler class cannot be loaded

[Tue, 24 Apr 18 21:53:28 +0700][ERROR] [2]: CssController handler class cannot be loaded

[Tue, 24 Apr 18 21:53:28 +0700][ERROR] [2]: CssController handler class cannot be loaded

[Tue, 24 Apr 18 21:53:30 +0700][ERROR] [2]: CssController handler class cannot be loaded

[Tue, 24 Apr 18 21:53:30 +0700][ERROR] [2]: CssController handler class cannot be loaded

[Tue, 24 Apr 18 21:53:31 +0700][ERROR] [2]: CssController handler class cannot be loaded

[Tue, 24 Apr 18 21:53:31 +0700][ERROR] [2]: CssController handler class cannot be loaded

[Tue, 24 Apr 18 21:53:32 +0700][ERROR] [2]: CssController handler class cannot be loaded

[Tue, 24 Apr 18 21:53:32 +0700][ERROR] [2]: CssController handler class cannot be loaded

[Tue, 24 Apr 18 21:53:32 +0700][ERROR] [2]: CssController handler class cannot be loaded

[Tue, 24 Apr 18 21:53:33 +0700][ERROR] [2]: CssController handler class cannot be loaded

[Tue, 24 Apr 18 21:53:33 +0700][ERROR] [2]: CssController handler class cannot be loaded

[Tue, 24 Apr 18 21:53:33 +0700][ERROR] [2]: CssController handler class cannot be loaded

[Tue, 24 Apr 18 21:53:35 +0700][ERROR] [2]: CssController handler class cannot be loaded

[Tue, 24 Apr 18 21:53:35 +0700][ERROR] [2]: CssController handler class cannot be loaded

[Tue, 24 Apr 18 21:53:56 +0700][ERROR] [2]: CssController handler class cannot be loaded

[Tue, 24 Apr 18 21:54:06 +0700][ERROR] [2]: CssController handler class cannot be loaded

[Tue, 24 Apr 18 21:54:06 +0700][ERROR] [2]: CssController handler class cannot be loaded

[Tue, 24 Apr 18 21:54:08 +0700][ERROR] [2]: CssController handler class cannot be loaded

[Tue, 24 Apr 18 21:54:08 +0700][ERROR] [2]: CssController handler class cannot be loaded

[Tue, 24 Apr 18 21:54:09 +0700][ERROR] [2]: CssController handler class cannot be loaded

[Tue, 24 Apr 18 21:54:09 +0700][ERROR] [2]: CssController handler class cannot be loaded

[Tue, 24 Apr 18 21:54:12 +0700][ERROR] [2]: CssController handler class cannot be loaded

[Tue, 24 Apr 18 21:54:12 +0700][ERROR] [2]: CssController handler class cannot be loaded

[Tue, 24 Apr 18 21:54:40 +0700][ERROR] [2]: CssController handler class cannot be loaded

[Tue, 24 Apr 18 21:54:40 +0700][ERROR] [2]: CssController handler class cannot be loaded

[Tue, 24 Apr 18 21:54:44 +0700][ERROR] [2]: CssController handler class cannot be loaded

[Tue, 24 Apr 18 21:54:44 +0700][ERROR] [2]: CssController handler class cannot be loaded

[Tue, 24 Apr 18 21:54:51 +0700][ERROR] [2]: CssController handler class cannot be loaded

[Tue, 24 Apr 18 21:54:51 +0700][ERROR] [2]: CssController handler class cannot be loaded

[Tue, 24 Apr 18 21:54:55 +0700][ERROR] [2]: CssController handler class cannot be loaded

[Tue, 24 Apr 18 21:54:55 +0700][ERROR] [2]: CssController handler class cannot be loaded

[Tue, 24 Apr 18 21:55:15 +0700][ERROR] [2]: CssController handler class cannot be loaded

[Tue, 24 Apr 18 21:55:21 +0700][ERROR] [2]: CssController handler class cannot be loaded

[Tue, 24 Apr 18 21:55:22 +0700][ERROR] [2]: CssController handler class cannot be loaded

[Tue, 24 Apr 18 21:55:23 +0700][ERROR] [2]: CssController handler class cannot be loaded

[Tue, 24 Apr 18 21:55:24 +0700][ERROR] [2]: CssController handler class cannot be loaded

[Tue, 24 Apr 18 21:55:27 +0700][ERROR] [2]: CssController handler class cannot be loaded

[Tue, 24 Apr 18 21:55:27 +0700][ERROR] [2]: CssController handler class cannot be loaded

[Tue, 24 Apr 18 21:55:30 +0700][ERROR] [2]: CssController handler class cannot be loaded

[Tue, 24 Apr 18 21:55:30 +0700][ERROR] [2]: CssController handler class cannot be loaded

[Tue, 24 Apr 18 21:56:00 +0700][ERROR] [2]: CssController handler class cannot be loaded

[Tue, 24 Apr 18 21:56:00 +0700][ERROR] [2]: CssController handler class cannot be loaded

[Tue, 24 Apr 18 21:56:03 +0700][ERROR] [2]: CssController handler class cannot be loaded

[Tue, 24 Apr 18 21:56:03 +0700][ERROR] [2]: CssController handler class cannot be loaded

[Tue, 24 Apr 18 21:56:05 +0700][ERROR] [2]: CssController handler class cannot be loaded

[Tue, 24 Apr 18 21:56:05 +0700][ERROR] [2]: CssController handler class cannot be loaded

[Tue, 24 Apr 18 21:56:33 +0700][ERROR] [2]: CssController handler class cannot be loaded

[Tue, 24 Apr 18 21:56:33 +0700][ERROR] [2]: CssController handler class cannot be loaded

[Tue, 24 Apr 18 21:56:44 +0700][ERROR] [2]: CssController handler class cannot be loaded

[Tue, 24 Apr 18 21:56:44 +0700][ERROR] [2]: CssController handler class cannot be loaded

[Tue, 24 Apr 18 21:56:47 +0700][ERROR] [2]: CssController handler class cannot be loaded

[Tue, 24 Apr 18 21:56:47 +0700][ERROR] [2]: CssController handler class cannot be loaded

[Tue, 24 Apr 18 21:56:55 +0700][ERROR] [2]: CssController handler class cannot be loaded

[Tue, 24 Apr 18 21:56:55 +0700][ERROR] [2]: CssController handler class cannot be loaded

[Tue, 24 Apr 18 21:58:03 +0700][ERROR] [2]: CssController handler class cannot be loaded

[Tue, 24 Apr 18 21:58:03 +0700][ERROR] [2]: CssController handler class cannot be loaded

[Tue, 24 Apr 18 21:58:06 +0700][ERROR] [2]: CssController handler class cannot be loaded

[Tue, 24 Apr 18 21:58:06 +0700][ERROR] [2]: CssController handler class cannot be loaded

[Tue, 24 Apr 18 21:58:19 +0700][ERROR] [2]: CssController handler class cannot be loaded

[Tue, 24 Apr 18 21:58:19 +0700][ERROR] [2]: CssController handler class cannot be loaded

[Tue, 24 Apr 18 21:58:24 +0700][ERROR] [2]: CssController handler class cannot be loaded

[Tue, 24 Apr 18 21:58:25 +0700][ERROR] [2]: CssController handler class cannot be loaded

[Tue, 24 Apr 18 21:58:27 +0700][ERROR] [2]: CssController handler class cannot be loaded

[Tue, 24 Apr 18 21:58:27 +0700][ERROR] [2]: CssController handler class cannot be loaded

[Tue, 24 Apr 18 21:58:28 +0700][ERROR] [2]: CssController handler class cannot be loaded

[Tue, 24 Apr 18 21:58:28 +0700][ERROR] [2]: CssController handler class cannot be loaded

[Tue, 24 Apr 18 21:59:29 +0700][ERROR] [2]: CssController handler class cannot be loaded

[Tue, 24 Apr 18 21:59:29 +0700][ERROR] [2]: CssController handler class cannot be loaded

[Tue, 24 Apr 18 22:00:05 +0700][ERROR] [2]: CssController handler class cannot be loaded

[Tue, 24 Apr 18 22:00:05 +0700][ERROR] [2]: CssController handler class cannot be loaded

[Tue, 24 Apr 18 22:00:06 +0700][ERROR] [2]: CssController handler class cannot be loaded

[Tue, 24 Apr 18 22:00:06 +0700][ERROR] [2]: CssController handler class cannot be loaded

[Tue, 24 Apr 18 22:00:08 +0700][ERROR] [2]: CssController handler class cannot be loaded

[Tue, 24 Apr 18 22:00:08 +0700][ERROR] [2]: CssController handler class cannot be loaded

[Tue, 24 Apr 18 22:00:25 +0700][ERROR] [2]: CssController handler class cannot be loaded

[Tue, 24 Apr 18 22:00:25 +0700][ERROR] [2]: CssController handler class cannot be loaded

[Tue, 24 Apr 18 22:01:50 +0700][ERROR] [2]: CssController handler class cannot be loaded

[Tue, 24 Apr 18 22:01:50 +0700][ERROR] [2]: CssController handler class cannot be loaded

[Tue, 24 Apr 18 22:03:09 +0700][ERROR] [2]: CssController handler class cannot be loaded

[Tue, 24 Apr 18 22:03:11 +0700][ERROR] [2]: CssController handler class cannot be loaded

[Tue, 24 Apr 18 22:03:11 +0700][ERROR] [2]: CssController handler class cannot be loaded

[Tue, 24 Apr 18 22:03:34 +0700][ERROR] [2]: CssController handler class cannot be loaded

[Tue, 24 Apr 18 22:03:34 +0700][ERROR] [2]: CssController handler class cannot be loaded

[Tue, 24 Apr 18 22:03:42 +0700][ERROR] [2]: CssController handler class cannot be loaded

[Tue, 24 Apr 18 22:03:42 +0700][ERROR] [2]: CssController handler class cannot be loaded

[Tue, 24 Apr 18 22:03:43 +0700][ERROR] [2]: CssController handler class cannot be loaded

[Tue, 24 Apr 18 22:03:44 +0700][ERROR] [2]: CssController handler class cannot be loaded

[Tue, 24 Apr 18 22:04:06 +0700][ERROR] [2]: CssController handler class cannot be loaded

[Tue, 24 Apr 18 22:04:06 +0700][ERROR] [2]: CssController handler class cannot be loaded

[Tue, 24 Apr 18 22:05:07 +0700][ERROR] [2]: CssController handler class cannot be loaded

[Tue, 24 Apr 18 22:05:07 +0700][ERROR] [2]: CssController handler class cannot be loaded

[Tue, 24 Apr 18 22:05:09 +0700][ERROR] [2]: CssController handler class cannot be loaded

[Tue, 24 Apr 18 22:05:09 +0700][ERROR] [2]: CssController handler class cannot be loaded

[Tue, 24 Apr 18 22:05:22 +0700][ERROR] [2]: CssController handler class cannot be loaded

[Tue, 24 Apr 18 22:05:22 +0700][ERROR] [2]: CssController handler class cannot be loaded

[Tue, 24 Apr 18 22:05:34 +0700][ERROR] [2]: CssController handler class cannot be loaded

[Tue, 24 Apr 18 22:05:34 +0700][ERROR] [2]: CssController handler class cannot be loaded

[Tue, 24 Apr 18 22:05:37 +0700][ERROR] [2]: CssController handler class cannot be loaded

[Tue, 24 Apr 18 22:05:37 +0700][ERROR] [2]: CssController handler class cannot be loaded

[Tue, 24 Apr 18 22:06:14 +0700][ERROR] [2]: CssController handler class cannot be loaded

[Tue, 24 Apr 18 22:06:14 +0700][ERROR] [2]: CssController handler class cannot be loaded

[Tue, 24 Apr 18 22:06:53 +0700][ERROR] [2]: CssController handler class cannot be loaded

[Tue, 24 Apr 18 22:06:53 +0700][ERROR] [2]: CssController handler class cannot be loaded

[Tue, 24 Apr 18 22:10:25 +0700][ERROR] [2]: CssController handler class cannot be loaded

[Tue, 24 Apr 18 22:10:25 +0700][ERROR] [2]: CssController handler class cannot be loaded

[Tue, 24 Apr 18 22:10:33 +0700][ERROR] [2]: CssController handler class cannot be loaded

[Tue, 24 Apr 18 22:10:33 +0700][ERROR] [2]: CssController handler class cannot be loaded

[Tue, 24 Apr 18 22:10:42 +0700][ERROR] [2]: CssController handler class cannot be loaded

[Tue, 24 Apr 18 22:10:42 +0700][ERROR] [2]: CssController handler class cannot be loaded

[Tue, 24 Apr 18 22:11:53 +0700][ERROR] [2]: CssController handler class cannot be loaded

[Tue, 24 Apr 18 22:11:54 +0700][ERROR] [2]: CssController handler class cannot be loaded

[Tue, 24 Apr 18 22:11:56 +0700][ERROR] [2]: CssController handler class cannot be loaded

[Tue, 24 Apr 18 22:11:56 +0700][ERROR] [2]: CssController handler class cannot be loaded

[Tue, 24 Apr 18 22:12:00 +0700][ERROR] [2]: CssController handler class cannot be loaded

[Tue, 24 Apr 18 22:12:00 +0700][ERROR] [2]: CssController handler class cannot be loaded

[Tue, 24 Apr 18 22:12:04 +0700][ERROR] [2]: CssController handler class cannot be loaded

[Tue, 24 Apr 18 22:12:04 +0700][ERROR] [2]: CssController handler class cannot be loaded

[Tue, 24 Apr 18 22:12:09 +0700][ERROR] [2]: CssController handler class cannot be loaded

[Tue, 24 Apr 18 22:12:09 +0700][ERROR] [2]: CssController handler class cannot be loaded

[Tue, 24 Apr 18 22:12:10 +0700][ERROR] [2]: CssController handler class cannot be loaded

[Tue, 24 Apr 18 22:12:10 +0700][ERROR] [2]: CssController handler class cannot be loaded

[Tue, 24 Apr 18 22:12:14 +0700][ERROR] [2]: CssController handler class cannot be loaded

[Tue, 24 Apr 18 22:12:14 +0700][ERROR] [2]: CssController handler class cannot be loaded

[Tue, 24 Apr 18 22:12:15 +0700][ERROR] [2]: CssController handler class cannot be loaded

[Tue, 24 Apr 18 22:12:15 +0700][ERROR] [2]: CssController handler class cannot be loaded

[Tue, 24 Apr 18 22:12:17 +0700][ERROR] [2]: CssController handler class cannot be loaded

[Tue, 24 Apr 18 22:12:17 +0700][ERROR] [2]: CssController handler class cannot be loaded

[Tue, 24 Apr 18 22:12:18 +0700][ERROR] [2]: CssController handler class cannot be loaded

[Tue, 24 Apr 18 22:12:18 +0700][ERROR] [2]: CssController handler class cannot be loaded

[Tue, 24 Apr 18 22:12:20 +0700][ERROR] [2]: CssController handler class cannot be loaded

[Tue, 24 Apr 18 22:12:20 +0700][ERROR] [2]: CssController handler class cannot be loaded

[Tue, 24 Apr 18 22:12:22 +0700][ERROR] [2]: CssController handler class cannot be loaded

[Tue, 24 Apr 18 22:12:22 +0700][ERROR] [2]: CssController handler class cannot be loaded

[Tue, 24 Apr 18 22:12:23 +0700][ERROR] [2]: CssController handler class cannot be loaded

[Tue, 24 Apr 18 22:12:23 +0700][ERROR] [2]: CssController handler class cannot be loaded

[Tue, 24 Apr 18 22:12:23 +0700][ERROR] [2]: CssController handler class cannot be loaded

[Tue, 24 Apr 18 22:12:23 +0700][ERROR] [2]: CssController handler class cannot be loaded

[Tue, 24 Apr 18 22:12:25 +0700][ERROR] [2]: CssController handler class cannot be loaded

[Tue, 24 Apr 18 22:12:33 +0700][ERROR] [2]: CssController handler class cannot be loaded

[Tue, 24 Apr 18 22:12:33 +0700][ERROR] [2]: CssController handler class cannot be loaded

[Tue, 24 Apr 18 22:13:21 +0700][ERROR] [2]: CssController handler class cannot be loaded

[Tue, 24 Apr 18 22:13:21 +0700][ERROR] [2]: CssController handler class cannot be loaded

[Tue, 24 Apr 18 22:13:37 +0700][ERROR] [2]: CssController handler class cannot be loaded

[Tue, 24 Apr 18 22:13:38 +0700][ERROR] [2]: CssController handler class cannot be loaded

[Tue, 24 Apr 18 22:13:40 +0700][ERROR] [2]: CssController handler class cannot be loaded

[Tue, 24 Apr 18 22:13:40 +0700][ERROR] [2]: CssController handler class cannot be loaded

[Tue, 24 Apr 18 22:13:59 +0700][ERROR] [2]: CssController handler class cannot be loaded

[Tue, 24 Apr 18 22:13:59 +0700][ERROR] [2]: CssController handler class cannot be loaded

[Tue, 24 Apr 18 22:14:02 +0700][ERROR] [2]: CssController handler class cannot be loaded

[Tue, 24 Apr 18 22:14:02 +0700][ERROR] [2]: CssController handler class cannot be loaded

[Tue, 24 Apr 18 22:14:04 +0700][ERROR] [2]: CssController handler class cannot be loaded

[Tue, 24 Apr 18 22:14:04 +0700][ERROR] [2]: CssController handler class cannot be loaded

[Tue, 24 Apr 18 22:14:05 +0700][ERROR] [2]: CssController handler class cannot be loaded

[Tue, 24 Apr 18 22:14:05 +0700][ERROR] [2]: CssController handler class cannot be loaded

[Tue, 24 Apr 18 22:16:24 +0700][ERROR] [2]: CssController handler class cannot be loaded

[Tue, 24 Apr 18 22:16:24 +0700][ERROR] [2]: CssController handler class cannot be loaded

[Tue, 24 Apr 18 22:16:29 +0700][ERROR] [2]: CssController handler class cannot be loaded

[Tue, 24 Apr 18 22:16:29 +0700][ERROR] [2]: CssController handler class cannot be loaded

[Tue, 24 Apr 18 22:16:35 +0700][ERROR] [2]: CssController handler class cannot be loaded

[Tue, 24 Apr 18 22:16:35 +0700][ERROR] [2]: CssController handler class cannot be loaded

[Tue, 24 Apr 18 22:16:38 +0700][ERROR] [2]: CssController handler class cannot be loaded

[Tue, 24 Apr 18 22:16:38 +0700][ERROR] [2]: CssController handler class cannot be loaded

[Tue, 24 Apr 18 22:16:41 +0700][ERROR] [2]: CssController handler class cannot be loaded

[Tue, 24 Apr 18 22:16:41 +0700][ERROR] [2]: CssController handler class cannot be loaded

[Tue, 24 Apr 18 22:16:43 +0700][ERROR] [2]: CssController handler class cannot be loaded

[Tue, 24 Apr 18 22:16:43 +0700][ERROR] [2]: CssController handler class cannot be loaded

[Tue, 24 Apr 18 22:16:49 +0700][ERROR] [2]: CssController handler class cannot be loaded

[Tue, 24 Apr 18 22:16:49 +0700][ERROR] [2]: CssController handler class cannot be loaded

[Tue, 24 Apr 18 22:16:53 +0700][ERROR] [2]: CssController handler class cannot be loaded

[Tue, 24 Apr 18 22:16:53 +0700][ERROR] [2]: CssController handler class cannot be loaded

[Tue, 24 Apr 18 22:18:58 +0700][ERROR] [2]: CssController handler class cannot be loaded

[Tue, 24 Apr 18 22:18:58 +0700][ERROR] [2]: CssController handler class cannot be loaded

[Tue, 24 Apr 18 22:21:05 +0700][ERROR] [2]: CssController handler class cannot be loaded

[Tue, 24 Apr 18 22:21:09 +0700][ERROR] [2]: CssController handler class cannot be loaded

[Tue, 24 Apr 18 22:21:09 +0700][ERROR] [2]: CssController handler class cannot be loaded

[Tue, 24 Apr 18 22:21:57 +0700][ERROR] [2]: CssController handler class cannot be loaded

[Tue, 24 Apr 18 22:21:57 +0700][ERROR] [2]: CssController handler class cannot be loaded

[Tue, 24 Apr 18 22:22:00 +0700][ERROR] [2]: CssController handler class cannot be loaded

[Tue, 24 Apr 18 22:22:00 +0700][ERROR] [2]: CssController handler class cannot be loaded

[Tue, 24 Apr 18 22:22:31 +0700][ERROR] [2]: CssController handler class cannot be loaded

[Tue, 24 Apr 18 22:22:32 +0700][ERROR] [2]: CssController handler class cannot be loaded

[Tue, 24 Apr 18 22:22:32 +0700][ERROR] [2]: CssController handler class cannot be loaded

[Tue, 24 Apr 18 22:22:32 +0700][ERROR] [2]: CssController handler class cannot be loaded

[Tue, 24 Apr 18 22:22:37 +0700][ERROR] [2]: CssController handler class cannot be loaded

[Tue, 24 Apr 18 22:22:37 +0700][ERROR] [2]: CssController handler class cannot be loaded

[Tue, 24 Apr 18 22:22:58 +0700][ERROR] [2]: CssController handler class cannot be loaded

[Tue, 24 Apr 18 22:22:59 +0700][ERROR] [2]: CssController handler class cannot be loaded

[Tue, 24 Apr 18 22:22:59 +0700][ERROR] [2]: CssController handler class cannot be loaded

[Tue, 24 Apr 18 22:23:00 +0700][ERROR] [2]: CssController handler class cannot be loaded

[Tue, 24 Apr 18 22:23:00 +0700][ERROR] [2]: CssController handler class cannot be loaded

[Tue, 24 Apr 18 22:23:00 +0700][ERROR] [2]: CssController handler class cannot be loaded

[Tue, 24 Apr 18 22:23:01 +0700][ERROR] [2]: CssController handler class cannot be loaded

[Tue, 24 Apr 18 22:23:01 +0700][ERROR] [2]: CssController handler class cannot be loaded

[Tue, 24 Apr 18 22:23:02 +0700][ERROR] [2]: CssController handler class cannot be loaded

[Tue, 24 Apr 18 22:23:02 +0700][ERROR] [2]: CssController handler class cannot be loaded

[Tue, 24 Apr 18 22:23:03 +0700][ERROR] [2]: CssController handler class cannot be loaded

[Tue, 24 Apr 18 22:23:03 +0700][ERROR] [2]: CssController handler class cannot be loaded

[Tue, 24 Apr 18 22:23:26 +0700][ERROR] [2]: CssController handler class cannot be loaded

[Tue, 24 Apr 18 22:23:27 +0700][ERROR] [2]: CssController handler class cannot be loaded

[Tue, 24 Apr 18 22:23:29 +0700][ERROR] [2]: CssController handler class cannot be loaded

[Tue, 24 Apr 18 22:23:29 +0700][ERROR] [2]: CssController handler class cannot be loaded

[Tue, 24 Apr 18 22:23:31 +0700][ERROR] [2]: CssController handler class cannot be loaded

[Tue, 24 Apr 18 22:23:31 +0700][ERROR] [2]: CssController handler class cannot be loaded

[Tue, 24 Apr 18 22:23:33 +0700][ERROR] [2]: CssController handler class cannot be loaded

[Tue, 24 Apr 18 22:23:33 +0700][ERROR] [2]: CssController handler class cannot be loaded

[Tue, 24 Apr 18 22:23:56 +0700][ERROR] [2]: CssController handler class cannot be loaded

[Tue, 24 Apr 18 22:23:56 +0700][ERROR] [2]: CssController handler class cannot be loaded

[Tue, 24 Apr 18 22:24:12 +0700][ERROR] [2]: CssController handler class cannot be loaded

[Tue, 24 Apr 18 22:24:12 +0700][ERROR] [2]: CssController handler class cannot be loaded

[Tue, 24 Apr 18 22:24:30 +0700][ERROR] [2]: CssController handler class cannot be loaded

[Tue, 24 Apr 18 22:24:30 +0700][ERROR] [2]: CssController handler class cannot be loaded

[Tue, 24 Apr 18 22:24:32 +0700][ERROR] [2]: CssController handler class cannot be loaded

[Tue, 24 Apr 18 22:24:32 +0700][ERROR] [2]: CssController handler class cannot be loaded

[Tue, 24 Apr 18 22:24:35 +0700][ERROR] [2]: CssController handler class cannot be loaded

[Tue, 24 Apr 18 22:24:35 +0700][ERROR] [2]: CssController handler class cannot be loaded

[Tue, 24 Apr 18 22:25:09 +0700][ERROR] [2]: CssController handler class cannot be loaded

[Tue, 24 Apr 18 22:25:09 +0700][ERROR] [2]: CssController handler class cannot be loaded

[Tue, 24 Apr 18 22:30:49 +0700][ERROR] [2]: CssController handler class cannot be loaded

[Tue, 24 Apr 18 22:30:49 +0700][ERROR] [2]: CssController handler class cannot be loaded

[Tue, 24 Apr 18 22:30:50 +0700][ERROR] [2]: CssController handler class cannot be loaded

[Tue, 24 Apr 18 22:30:50 +0700][ERROR] [2]: CssController handler class cannot be loaded

[Tue, 24 Apr 18 22:30:53 +0700][ERROR] [2]: CssController handler class cannot be loaded

[Tue, 24 Apr 18 22:30:54 +0700][ERROR] [2]: CssController handler class cannot be loaded

[Tue, 24 Apr 18 22:30:57 +0700][ERROR] [2]: CssController handler class cannot be loaded

[Tue, 24 Apr 18 22:31:00 +0700][ERROR] [2]: CssController handler class cannot be loaded

[Tue, 24 Apr 18 22:31:00 +0700][ERROR] [2]: CssController handler class cannot be loaded

[Tue, 24 Apr 18 22:31:02 +0700][ERROR] [2]: CssController handler class cannot be loaded

[Tue, 24 Apr 18 22:31:02 +0700][ERROR] [2]: CssController handler class cannot be loaded

[Tue, 24 Apr 18 22:31:03 +0700][ERROR] [2]: CssController handler class cannot be loaded

[Tue, 24 Apr 18 22:31:04 +0700][ERROR] [2]: CssController handler class cannot be loaded

[Tue, 24 Apr 18 22:31:08 +0700][ERROR] [2]: CssController handler class cannot be loaded

[Tue, 24 Apr 18 22:31:09 +0700][ERROR] [2]: CssController handler class cannot be loaded

[Tue, 24 Apr 18 22:31:11 +0700][ERROR] [2]: CssController handler class cannot be loaded

[Tue, 24 Apr 18 22:31:11 +0700][ERROR] [2]: CssController handler class cannot be loaded

[Tue, 24 Apr 18 22:31:12 +0700][ERROR] [2]: CssController handler class cannot be loaded

[Tue, 24 Apr 18 22:31:12 +0700][ERROR] [2]: CssController handler class cannot be loaded

[Tue, 24 Apr 18 22:31:39 +0700][ERROR] [2]: CssController handler class cannot be loaded

[Tue, 24 Apr 18 22:31:39 +0700][ERROR] [2]: CssController handler class cannot be loaded

[Tue, 24 Apr 18 22:31:42 +0700][ERROR] [2]: CssController handler class cannot be loaded

[Tue, 24 Apr 18 22:31:42 +0700][ERROR] [2]: CssController handler class cannot be loaded

[Tue, 24 Apr 18 22:31:43 +0700][ERROR] [2]: CssController handler class cannot be loaded

[Tue, 24 Apr 18 22:31:43 +0700][ERROR] [2]: CssController handler class cannot be loaded

[Tue, 24 Apr 18 22:31:44 +0700][ERROR] [2]: CssController handler class cannot be loaded

[Tue, 24 Apr 18 22:31:44 +0700][ERROR] [2]: CssController handler class cannot be loaded

[Tue, 24 Apr 18 22:31:45 +0700][ERROR] [2]: CssController handler class cannot be loaded

[Tue, 24 Apr 18 22:31:45 +0700][ERROR] [2]: CssController handler class cannot be loaded

[Tue, 24 Apr 18 22:31:46 +0700][ERROR] [2]: CssController handler class cannot be loaded

[Tue, 24 Apr 18 22:31:46 +0700][ERROR] [2]: CssController handler class cannot be loaded

[Tue, 24 Apr 18 22:31:56 +0700][ERROR] [2]: CssController handler class cannot be loaded

[Tue, 24 Apr 18 22:31:56 +0700][ERROR] [2]: CssController handler class cannot be loaded

[Tue, 24 Apr 18 22:31:59 +0700][ERROR] [2]: CssController handler class cannot be loaded

[Tue, 24 Apr 18 22:31:59 +0700][ERROR] [2]: CssController handler class cannot be loaded

[Tue, 24 Apr 18 22:32:06 +0700][ERROR] [2]: CssController handler class cannot be loaded

[Tue, 24 Apr 18 22:32:06 +0700][ERROR] [2]: CssController handler class cannot be loaded

[Tue, 24 Apr 18 22:32:08 +0700][ERROR] [2]: CssController handler class cannot be loaded

[Tue, 24 Apr 18 22:32:08 +0700][ERROR] [2]: CssController handler class cannot be loaded

[Tue, 24 Apr 18 22:32:12 +0700][ERROR] [2]: CssController handler class cannot be loaded

[Tue, 24 Apr 18 22:32:12 +0700][ERROR] [2]: CssController handler class cannot be loaded

[Tue, 24 Apr 18 22:32:14 +0700][ERROR] [2]: CssController handler class cannot be loaded

[Tue, 24 Apr 18 22:32:14 +0700][ERROR] [2]: CssController handler class cannot be loaded

[Tue, 24 Apr 18 22:32:15 +0700][ERROR] [2]: CssController handler class cannot be loaded

[Tue, 24 Apr 18 22:32:15 +0700][ERROR] [2]: CssController handler class cannot be loaded

[Tue, 24 Apr 18 22:32:16 +0700][ERROR] [2]: CssController handler class cannot be loaded

[Tue, 24 Apr 18 22:32:16 +0700][ERROR] [2]: CssController handler class cannot be loaded

[Tue, 24 Apr 18 22:32:18 +0700][ERROR] [2]: CssController handler class cannot be loaded

[Tue, 24 Apr 18 22:32:18 +0700][ERROR] [2]: CssController handler class cannot be loaded

[Tue, 24 Apr 18 22:32:33 +0700][ERROR] [2]: CssController handler class cannot be loaded

[Tue, 24 Apr 18 22:32:33 +0700][ERROR] [2]: CssController handler class cannot be loaded

[Tue, 24 Apr 18 22:32:47 +0700][ERROR] [2]: CssController handler class cannot be loaded

[Tue, 24 Apr 18 22:32:47 +0700][ERROR] [2]: CssController handler class cannot be loaded

[Tue, 24 Apr 18 22:32:49 +0700][ERROR] [2]: CssController handler class cannot be loaded

[Tue, 24 Apr 18 22:32:49 +0700][ERROR] [2]: CssController handler class cannot be loaded

[Tue, 24 Apr 18 22:34:14 +0700][ERROR] [2]: CssController handler class cannot be loaded

[Tue, 24 Apr 18 22:34:14 +0700][ERROR] [2]: CssController handler class cannot be loaded

[Tue, 24 Apr 18 22:34:16 +0700][ERROR] [2]: CssController handler class cannot be loaded

[Tue, 24 Apr 18 22:34:16 +0700][ERROR] [2]: CssController handler class cannot be loaded

[Tue, 24 Apr 18 22:34:18 +0700][ERROR] [2]: CssController handler class cannot be loaded

[Tue, 24 Apr 18 22:34:18 +0700][ERROR] [2]: CssController handler class cannot be loaded

[Tue, 24 Apr 18 22:34:20 +0700][ERROR] [2]: CssController handler class cannot be loaded

[Tue, 24 Apr 18 22:34:20 +0700][ERROR] [2]: CssController handler class cannot be loaded

[Tue, 24 Apr 18 22:34:21 +0700][ERROR] [2]: CssController handler class cannot be loaded

[Tue, 24 Apr 18 22:34:21 +0700][ERROR] [2]: CssController handler class cannot be loaded

[Tue, 24 Apr 18 22:34:22 +0700][ERROR] [2]: CssController handler class cannot be loaded

[Tue, 24 Apr 18 22:34:22 +0700][ERROR] [2]: CssController handler class cannot be loaded

[Tue, 24 Apr 18 22:34:23 +0700][ERROR] [2]: CssController handler class cannot be loaded

[Tue, 24 Apr 18 22:34:23 +0700][ERROR] [2]: CssController handler class cannot be loaded

[Tue, 24 Apr 18 22:34:25 +0700][ERROR] [2]: CssController handler class cannot be loaded

[Tue, 24 Apr 18 22:34:25 +0700][ERROR] [2]: CssController handler class cannot be loaded

[Tue, 24 Apr 18 22:35:31 +0700][ERROR] [2]: CssController handler class cannot be loaded

[Tue, 24 Apr 18 22:35:31 +0700][ERROR] [2]: CssController handler class cannot be loaded

[Tue, 24 Apr 18 22:36:04 +0700][ERROR] [2]: CssController handler class cannot be loaded

[Tue, 24 Apr 18 22:36:04 +0700][ERROR] [2]: CssController handler class cannot be loaded

[Tue, 24 Apr 18 22:36:09 +0700][ERROR] [2]: CssController handler class cannot be loaded

[Tue, 24 Apr 18 22:36:09 +0700][ERROR] [2]: CssController handler class cannot be loaded

[Tue, 24 Apr 18 22:36:11 +0700][ERROR] [2]: CssController handler class cannot be loaded

[Tue, 24 Apr 18 22:36:11 +0700][ERROR] [2]: CssController handler class cannot be loaded

[Tue, 24 Apr 18 22:36:22 +0700][ERROR] [2]: CssController handler class cannot be loaded

[Tue, 24 Apr 18 22:36:22 +0700][ERROR] [2]: CssController handler class cannot be loaded

[Tue, 24 Apr 18 22:36:47 +0700][ERROR] [2]: CssController handler class cannot be loaded

[Tue, 24 Apr 18 22:36:47 +0700][ERROR] [2]: CssController handler class cannot be loaded

[Tue, 24 Apr 18 22:37:17 +0700][ERROR] [2]: CssController handler class cannot be loaded

[Tue, 24 Apr 18 22:37:17 +0700][ERROR] [2]: CssController handler class cannot be loaded

[Tue, 24 Apr 18 22:37:50 +0700][ERROR] [2]: CssController handler class cannot be loaded

[Tue, 24 Apr 18 22:37:50 +0700][ERROR] [2]: CssController handler class cannot be loaded

[Tue, 24 Apr 18 22:38:10 +0700][ERROR] [2]: CssController handler class cannot be loaded

[Tue, 24 Apr 18 22:38:10 +0700][ERROR] [2]: CssController handler class cannot be loaded

[Tue, 24 Apr 18 22:38:13 +0700][ERROR] [2]: CssController handler class cannot be loaded

[Tue, 24 Apr 18 22:38:13 +0700][ERROR] [2]: CssController handler class cannot be loaded

[Tue, 24 Apr 18 22:38:28 +0700][ERROR] [2]: CssController handler class cannot be loaded

[Tue, 24 Apr 18 22:38:28 +0700][ERROR] [2]: CssController handler class cannot be loaded

[Tue, 24 Apr 18 22:38:48 +0700][ERROR] [2]: CssController handler class cannot be loaded

[Tue, 24 Apr 18 22:38:48 +0700][ERROR] [2]: CssController handler class cannot be loaded

[Tue, 24 Apr 18 22:38:55 +0700][ERROR] [2]: CssController handler class cannot be loaded

[Tue, 24 Apr 18 22:38:55 +0700][ERROR] [2]: CssController handler class cannot be loaded

[Tue, 24 Apr 18 22:44:04 +0700][ERROR] [2]: CssController handler class cannot be loaded

[Tue, 24 Apr 18 22:44:04 +0700][ERROR] [2]: CssController handler class cannot be loaded

[Tue, 24 Apr 18 22:44:05 +0700][ERROR] [2]: CssController handler class cannot be loaded

[Tue, 24 Apr 18 22:44:05 +0700][ERROR] [2]: CssController handler class cannot be loaded

[Tue, 24 Apr 18 22:44:06 +0700][ERROR] [2]: CssController handler class cannot be loaded

[Tue, 24 Apr 18 22:44:06 +0700][ERROR] [2]: CssController handler class cannot be loaded

[Tue, 24 Apr 18 22:44:08 +0700][ERROR] [2]: CssController handler class cannot be loaded

[Tue, 24 Apr 18 22:44:08 +0700][ERROR] [2]: CssController handler class cannot be loaded

[Tue, 24 Apr 18 22:44:10 +0700][ERROR] [2]: CssController handler class cannot be loaded

[Tue, 24 Apr 18 22:44:10 +0700][ERROR] [2]: CssController handler class cannot be loaded

[Tue, 24 Apr 18 22:44:12 +0700][ERROR] [2]: CssController handler class cannot be loaded

[Tue, 24 Apr 18 22:44:12 +0700][ERROR] [2]: CssController handler class cannot be loaded

[Tue, 24 Apr 18 22:44:13 +0700][ERROR] [2]: CssController handler class cannot be loaded

[Tue, 24 Apr 18 22:44:13 +0700][ERROR] [2]: CssController handler class cannot be loaded

[Tue, 24 Apr 18 22:44:16 +0700][ERROR] [2]: CssController handler class cannot be loaded

[Tue, 24 Apr 18 22:44:16 +0700][ERROR] [2]: CssController handler class cannot be loaded

[Tue, 24 Apr 18 22:44:17 +0700][ERROR] [2]: CssController handler class cannot be loaded

[Tue, 24 Apr 18 22:44:18 +0700][ERROR] [2]: CssController handler class cannot be loaded

[Tue, 24 Apr 18 22:44:19 +0700][ERROR] [2]: CssController handler class cannot be loaded

[Tue, 24 Apr 18 22:44:19 +0700][ERROR] [2]: CssController handler class cannot be loaded

[Tue, 24 Apr 18 22:44:20 +0700][ERROR] [2]: CssController handler class cannot be loaded

[Tue, 24 Apr 18 22:44:20 +0700][ERROR] [2]: CssController handler class cannot be loaded

[Tue, 24 Apr 18 22:44:21 +0700][ERROR] [2]: CssController handler class cannot be loaded

[Tue, 24 Apr 18 22:44:21 +0700][ERROR] [2]: CssController handler class cannot be loaded

[Tue, 24 Apr 18 22:44:22 +0700][ERROR] [2]: CssController handler class cannot be loaded

[Tue, 24 Apr 18 22:44:22 +0700][ERROR] [2]: CssController handler class cannot be loaded

[Tue, 24 Apr 18 22:44:23 +0700][ERROR] [2]: CssController handler class cannot be loaded

[Tue, 24 Apr 18 22:44:23 +0700][ERROR] [2]: CssController handler class cannot be loaded

[Tue, 24 Apr 18 22:44:28 +0700][ERROR] [2]: CssController handler class cannot be loaded

[Tue, 24 Apr 18 22:44:28 +0700][ERROR] [2]: CssController handler class cannot be loaded

[Tue, 24 Apr 18 22:44:29 +0700][ERROR] [2]: CssController handler class cannot be loaded

[Tue, 24 Apr 18 22:44:29 +0700][ERROR] [2]: CssController handler class cannot be loaded

[Tue, 24 Apr 18 22:44:33 +0700][ERROR] [2]: CssController handler class cannot be loaded

[Tue, 24 Apr 18 22:44:33 +0700][ERROR] [2]: CssController handler class cannot be loaded

[Tue, 24 Apr 18 22:47:46 +0700][ERROR] [2]: CssController handler class cannot be loaded

[Tue, 24 Apr 18 22:47:46 +0700][ERROR] [2]: CssController handler class cannot be loaded

[Tue, 24 Apr 18 22:47:48 +0700][ERROR] [2]: CssController handler class cannot be loaded

[Tue, 24 Apr 18 22:47:48 +0700][ERROR] [2]: CssController handler class cannot be loaded

[Tue, 24 Apr 18 22:47:50 +0700][ERROR] [2]: CssController handler class cannot be loaded

[Tue, 24 Apr 18 22:47:50 +0700][ERROR] [2]: CssController handler class cannot be loaded

[Tue, 24 Apr 18 22:47:52 +0700][ERROR] [2]: CssController handler class cannot be loaded

[Tue, 24 Apr 18 22:47:52 +0700][ERROR] [2]: CssController handler class cannot be loaded

[Tue, 24 Apr 18 22:47:54 +0700][ERROR] [5]: Action 'edit25' was not found on handler 'event'

[Tue, 24 Apr 18 22:47:54 +0700][ERROR] [2]: CssController handler class cannot be loaded

[Tue, 24 Apr 18 22:47:54 +0700][ERROR] [2]: CssController handler class cannot be loaded

[Tue, 24 Apr 18 22:48:02 +0700][ERROR] [2]: CssController handler class cannot be loaded

[Tue, 24 Apr 18 22:48:02 +0700][ERROR] [2]: CssController handler class cannot be loaded

[Tue, 24 Apr 18 22:48:05 +0700][ERROR] [2]: CssController handler class cannot be loaded

[Tue, 24 Apr 18 22:48:05 +0700][ERROR] [2]: CssController handler class cannot be loaded

[Tue, 24 Apr 18 22:48:15 +0700][ERROR] [2]: CssController handler class cannot be loaded

[Tue, 24 Apr 18 22:48:15 +0700][ERROR] [2]: CssController handler class cannot be loaded

[Tue, 24 Apr 18 23:44:44 +0700][ERROR] [2]: CssController handler class cannot be loaded

[Tue, 24 Apr 18 23:45:12 +0700][ERROR] [2]: CssController handler class cannot be loaded

[Tue, 24 Apr 18 23:45:12 +0700][ERROR] [2]: CssController handler class cannot be loaded

[Tue, 24 Apr 18 23:45:25 +0700][ERROR] [2]: CssController handler class cannot be loaded

[Tue, 24 Apr 18 23:45:26 +0700][ERROR] [2]: CssController handler class cannot be loaded

[Tue, 24 Apr 18 23:45:56 +0700][ERROR] [2]: CssController handler class cannot be loaded

[Tue, 24 Apr 18 23:45:56 +0700][ERROR] [2]: CssController handler class cannot be loaded

[Tue, 24 Apr 18 23:45:58 +0700][ERROR] [2]: CssController handler class cannot be loaded

[Tue, 24 Apr 18 23:45:58 +0700][ERROR] [2]: CssController handler class cannot be loaded

[Tue, 24 Apr 18 23:45:59 +0700][ERROR] [2]: CssController handler class cannot be loaded

[Tue, 24 Apr 18 23:46:00 +0700][ERROR] [2]: CssController handler class cannot be loaded

[Tue, 24 Apr 18 23:46:01 +0700][ERROR] [2]: CssController handler class cannot be loaded

[Tue, 24 Apr 18 23:46:01 +0700][ERROR] [2]: CssController handler class cannot be loaded

[Tue, 24 Apr 18 23:46:02 +0700][ERROR] [2]: CssController handler class cannot be loaded

[Tue, 24 Apr 18 23:46:02 +0700][ERROR] [2]: CssController handler class cannot be loaded

[Tue, 24 Apr 18 23:46:03 +0700][ERROR] [2]: CssController handler class cannot be loaded

[Tue, 24 Apr 18 23:46:03 +0700][ERROR] [2]: CssController handler class cannot be loaded

[Tue, 24 Apr 18 23:46:08 +0700][ERROR] [2]: CssController handler class cannot be loaded

[Tue, 24 Apr 18 23:46:08 +0700][ERROR] [2]: CssController handler class cannot be loaded

[Tue, 24 Apr 18 23:46:10 +0700][ERROR] [2]: CssController handler class cannot be loaded

[Tue, 24 Apr 18 23:46:10 +0700][ERROR] [2]: CssController handler class cannot be loaded

[Tue, 24 Apr 18 23:46:13 +0700][ERROR] [2]: CssController handler class cannot be loaded

[Tue, 24 Apr 18 23:46:13 +0700][ERROR] [2]: CssController handler class cannot be loaded

[Tue, 24 Apr 18 23:46:33 +0700][ERROR] [2]: CssController handler class cannot be loaded

[Tue, 24 Apr 18 23:46:34 +0700][ERROR] [2]: CssController handler class cannot be loaded

[Tue, 24 Apr 18 23:47:37 +0700][ERROR] [2]: CssController handler class cannot be loaded

[Tue, 24 Apr 18 23:47:37 +0700][ERROR] [2]: CssController handler class cannot be loaded

[Tue, 24 Apr 18 23:47:42 +0700][ERROR] [2]: CssController handler class cannot be loaded

[Tue, 24 Apr 18 23:47:42 +0700][ERROR] [2]: CssController handler class cannot be loaded

[Tue, 24 Apr 18 23:48:15 +0700][ERROR] [2]: CssController handler class cannot be loaded

[Tue, 24 Apr 18 23:48:15 +0700][ERROR] [2]: CssController handler class cannot be loaded

[Tue, 24 Apr 18 23:49:22 +0700][ERROR] [2]: CssController handler class cannot be loaded

[Tue, 24 Apr 18 23:49:23 +0700][ERROR] [2]: CssController handler class cannot be loaded

[Tue, 24 Apr 18 23:49:28 +0700][ERROR] [2]: CssController handler class cannot be loaded

[Tue, 24 Apr 18 23:49:28 +0700][ERROR] [2]: CssController handler class cannot be loaded

[Tue, 24 Apr 18 23:49:29 +0700][ERROR] [2]: CssController handler class cannot be loaded

[Tue, 24 Apr 18 23:49:29 +0700][ERROR] [2]: CssController handler class cannot be loaded

[Tue, 24 Apr 18 23:49:30 +0700][ERROR] [2]: CssController handler class cannot be loaded

[Tue, 24 Apr 18 23:49:30 +0700][ERROR] [2]: CssController handler class cannot be loaded

[Tue, 24 Apr 18 23:49:32 +0700][ERROR] [2]: CssController handler class cannot be loaded

[Tue, 24 Apr 18 23:49:32 +0700][ERROR] [2]: CssController handler class cannot be loaded

[Tue, 24 Apr 18 23:49:33 +0700][ERROR] [2]: CssController handler class cannot be loaded

[Tue, 24 Apr 18 23:49:33 +0700][ERROR] [2]: CssController handler class cannot be loaded

[Tue, 24 Apr 18 23:49:35 +0700][ERROR] [2]: CssController handler class cannot be loaded

[Tue, 24 Apr 18 23:49:35 +0700][ERROR] [2]: CssController handler class cannot be loaded

[Tue, 24 Apr 18 23:49:36 +0700][ERROR] [2]: CssController handler class cannot be loaded

[Tue, 24 Apr 18 23:49:36 +0700][ERROR] [2]: CssController handler class cannot be loaded

[Tue, 24 Apr 18 23:49:38 +0700][ERROR] [2]: CssController handler class cannot be loaded

[Tue, 24 Apr 18 23:49:38 +0700][ERROR] [2]: CssController handler class cannot be loaded

[Tue, 24 Apr 18 23:49:39 +0700][ERROR] [2]: CssController handler class cannot be loaded

[Tue, 24 Apr 18 23:49:39 +0700][ERROR] [2]: CssController handler class cannot be loaded

[Tue, 24 Apr 18 23:49:40 +0700][ERROR] [2]: CssController handler class cannot be loaded

[Tue, 24 Apr 18 23:49:40 +0700][ERROR] [2]: CssController handler class cannot be loaded

[Tue, 24 Apr 18 23:49:41 +0700][ERROR] [2]: CssController handler class cannot be loaded

[Tue, 24 Apr 18 23:49:41 +0700][ERROR] [2]: CssController handler class cannot be loaded

[Tue, 24 Apr 18 23:49:42 +0700][ERROR] [2]: CssController handler class cannot be loaded

[Tue, 24 Apr 18 23:49:42 +0700][ERROR] [2]: CssController handler class cannot be loaded

[Tue, 24 Apr 18 23:50:33 +0700][ERROR] [2]: CssController handler class cannot be loaded

[Tue, 24 Apr 18 23:50:33 +0700][ERROR] [2]: CssController handler class cannot be loaded

[Tue, 24 Apr 18 23:50:36 +0700][ERROR] [2]: CssController handler class cannot be loaded

[Tue, 24 Apr 18 23:50:36 +0700][ERROR] [2]: CssController handler class cannot be loaded

[Tue, 24 Apr 18 23:50:38 +0700][ERROR] [2]: CssController handler class cannot be loaded

[Tue, 24 Apr 18 23:50:39 +0700][ERROR] [2]: CssController handler class cannot be loaded

[Tue, 24 Apr 18 23:50:40 +0700][ERROR] [2]: CssController handler class cannot be loaded

[Tue, 24 Apr 18 23:50:40 +0700][ERROR] [2]: CssController handler class cannot be loaded

[Tue, 24 Apr 18 23:50:41 +0700][ERROR] [2]: CssController handler class cannot be loaded

[Tue, 24 Apr 18 23:50:41 +0700][ERROR] [2]: CssController handler class cannot be loaded

[Tue, 24 Apr 18 23:56:12 +0700][ERROR] [2]: CssController handler class cannot be loaded

[Tue, 24 Apr 18 23:56:12 +0700][ERROR] [2]: CssController handler class cannot be loaded

[Tue, 24 Apr 18 23:56:13 +0700][ERROR] [2]: CssController handler class cannot be loaded

[Tue, 24 Apr 18 23:56:13 +0700][ERROR] [2]: CssController handler class cannot be loaded

[Tue, 24 Apr 18 23:56:21 +0700][ERROR] [2]: CssController handler class cannot be loaded

[Tue, 24 Apr 18 23:56:21 +0700][ERROR] [2]: CssController handler class cannot be loaded

[Tue, 24 Apr 18 23:57:50 +0700][ERROR] [2]: CssController handler class cannot be loaded

[Tue, 24 Apr 18 23:57:50 +0700][ERROR] [2]: CssController handler class cannot be loaded

[Tue, 24 Apr 18 23:57:58 +0700][ERROR] [2]: CssController handler class cannot be loaded

[Tue, 24 Apr 18 23:57:58 +0700][ERROR] [2]: CssController handler class cannot be loaded

[Tue, 24 Apr 18 23:58:06 +0700][ERROR] [2]: CssController handler class cannot be loaded

[Tue, 24 Apr 18 23:58:06 +0700][ERROR] [2]: CssController handler class cannot be loaded

[Tue, 24 Apr 18 23:58:09 +0700][ERROR] [2]: CssController handler class cannot be loaded

[Tue, 24 Apr 18 23:58:09 +0700][ERROR] [2]: CssController handler class cannot be loaded

[Tue, 24 Apr 18 23:58:16 +0700][ERROR] [2]: CssController handler class cannot be loaded

[Tue, 24 Apr 18 23:58:16 +0700][ERROR] [2]: CssController handler class cannot be loaded

[Tue, 24 Apr 18 23:58:24 +0700][ERROR] [2]: CssController handler class cannot be loaded

[Tue, 24 Apr 18 23:58:24 +0700][ERROR] [2]: CssController handler class cannot be loaded

[Tue, 24 Apr 18 23:58:55 +0700][ERROR] [2]: CssController handler class cannot be loaded

[Tue, 24 Apr 18 23:58:55 +0700][ERROR] [2]: CssController handler class cannot be loaded

[Tue, 24 Apr 18 23:58:57 +0700][ERROR] [2]: CssController handler class cannot be loaded

[Tue, 24 Apr 18 23:58:57 +0700][ERROR] [2]: CssController handler class cannot be loaded

[Tue, 24 Apr 18 23:58:58 +0700][ERROR] [2]: CssController handler class cannot be loaded

[Tue, 24 Apr 18 23:58:58 +0700][ERROR] [2]: CssController handler class cannot be loaded

[Tue, 24 Apr 18 23:59:03 +0700][ERROR] [2]: CssController handler class cannot be loaded

[Tue, 24 Apr 18 23:59:05 +0700][ERROR] [2]: CssController handler class cannot be loaded

[Tue, 24 Apr 18 23:59:05 +0700][ERROR] [2]: CssController handler class cannot be loaded

[Tue, 24 Apr 18 23:59:06 +0700][ERROR] [2]: CssController handler class cannot be loaded

[Tue, 24 Apr 18 23:59:06 +0700][ERROR] [2]: CssController handler class cannot be loaded

[Tue, 24 Apr 18 23:59:11 +0700][ERROR] [2]: CssController handler class cannot be loaded

[Tue, 24 Apr 18 23:59:12 +0700][ERROR] [2]: CssController handler class cannot be loaded

[Tue, 24 Apr 18 23:59:51 +0700][ERROR] [2]: CssController handler class cannot be loaded

[Tue, 24 Apr 18 23:59:51 +0700][ERROR] [2]: CssController handler class cannot be loaded

