[Mon, 23 Apr 18 14:50:58 +0700][ERROR] [2]: VendorController handler class cannot be loaded

[Mon, 23 Apr 18 14:51:05 +0700][ERROR] [2]: VendorController handler class cannot be loaded

[Mon, 23 Apr 18 14:51:24 +0700][ERROR] [2]: VendorController handler class cannot be loaded

[Mon, 23 Apr 18 14:51:34 +0700][ERROR] [2]: CssController handler class cannot be loaded

[Mon, 23 Apr 18 14:51:42 +0700][ERROR] [2]: VendorController handler class cannot be loaded

[Mon, 23 Apr 18 15:15:39 +0700][ERROR] [2]: VendorController handler class cannot be loaded

[Mon, 23 Apr 18 15:22:57 +0700][ERROR] [2]: CssController handler class cannot be loaded

[Mon, 23 Apr 18 15:22:57 +0700][ERROR] [2]: CssController handler class cannot be loaded

[Mon, 23 Apr 18 15:23:06 +0700][ERROR] [2]: CssController handler class cannot be loaded

[Mon, 23 Apr 18 15:23:07 +0700][ERROR] [2]: CssController handler class cannot be loaded

[Mon, 23 Apr 18 15:23:08 +0700][ERROR] [2]: CssController handler class cannot be loaded

[Mon, 23 Apr 18 15:23:08 +0700][ERROR] [2]: CssController handler class cannot be loaded

[Mon, 23 Apr 18 15:23:24 +0700][ERROR] [2]: CssController handler class cannot be loaded

[Mon, 23 Apr 18 15:23:24 +0700][ERROR] [2]: CssController handler class cannot be loaded

[Mon, 23 Apr 18 15:28:43 +0700][ERROR] [2]: CssController handler class cannot be loaded

[Mon, 23 Apr 18 15:28:43 +0700][ERROR] [2]: CssController handler class cannot be loaded

[Mon, 23 Apr 18 15:28:48 +0700][ERROR] [2]: CssController handler class cannot be loaded

[Mon, 23 Apr 18 15:28:48 +0700][ERROR] [2]: CssController handler class cannot be loaded

[Mon, 23 Apr 18 15:28:53 +0700][ERROR] [2]: CssController handler class cannot be loaded

[Mon, 23 Apr 18 15:28:53 +0700][ERROR] [2]: CssController handler class cannot be loaded

[Mon, 23 Apr 18 15:29:01 +0700][ERROR] [2]: CssController handler class cannot be loaded

[Mon, 23 Apr 18 15:29:01 +0700][ERROR] [2]: CssController handler class cannot be loaded

[Mon, 23 Apr 18 15:29:06 +0700][ERROR] [2]: CssController handler class cannot be loaded

[Mon, 23 Apr 18 15:29:06 +0700][ERROR] [2]: CssController handler class cannot be loaded

[Mon, 23 Apr 18 15:33:07 +0700][ERROR] [2]: CssController handler class cannot be loaded

[Mon, 23 Apr 18 15:33:07 +0700][ERROR] [2]: CssController handler class cannot be loaded

[Mon, 23 Apr 18 15:33:11 +0700][ERROR] [2]: CssController handler class cannot be loaded

[Mon, 23 Apr 18 15:33:11 +0700][ERROR] [2]: CssController handler class cannot be loaded

[Mon, 23 Apr 18 15:33:14 +0700][ERROR] [2]: CssController handler class cannot be loaded

[Mon, 23 Apr 18 15:33:14 +0700][ERROR] [2]: CssController handler class cannot be loaded

[Mon, 23 Apr 18 15:33:16 +0700][ERROR] [2]: CssController handler class cannot be loaded

[Mon, 23 Apr 18 15:33:16 +0700][ERROR] [2]: CssController handler class cannot be loaded

[Mon, 23 Apr 18 15:33:19 +0700][ERROR] [2]: CssController handler class cannot be loaded

[Mon, 23 Apr 18 15:33:19 +0700][ERROR] [2]: CssController handler class cannot be loaded

[Mon, 23 Apr 18 15:33:35 +0700][ERROR] [2]: CssController handler class cannot be loaded

[Mon, 23 Apr 18 15:33:35 +0700][ERROR] [2]: CssController handler class cannot be loaded

[Mon, 23 Apr 18 15:33:44 +0700][ERROR] [2]: CssController handler class cannot be loaded

[Mon, 23 Apr 18 15:33:44 +0700][ERROR] [2]: CssController handler class cannot be loaded

[Mon, 23 Apr 18 15:33:45 +0700][ERROR] [2]: CssController handler class cannot be loaded

[Mon, 23 Apr 18 15:33:45 +0700][ERROR] [2]: CssController handler class cannot be loaded

[Mon, 23 Apr 18 15:33:58 +0700][ERROR] [2]: CssController handler class cannot be loaded

[Mon, 23 Apr 18 15:33:58 +0700][ERROR] [2]: CssController handler class cannot be loaded

[Mon, 23 Apr 18 15:34:01 +0700][ERROR] [2]: CssController handler class cannot be loaded

[Mon, 23 Apr 18 15:34:02 +0700][ERROR] [2]: CssController handler class cannot be loaded

[Mon, 23 Apr 18 15:34:10 +0700][ERROR] [2]: CssController handler class cannot be loaded

[Mon, 23 Apr 18 15:34:10 +0700][ERROR] [2]: CssController handler class cannot be loaded

[Mon, 23 Apr 18 15:34:11 +0700][ERROR] [2]: CssController handler class cannot be loaded

[Mon, 23 Apr 18 15:34:11 +0700][ERROR] [2]: CssController handler class cannot be loaded

[Mon, 23 Apr 18 15:38:13 +0700][ERROR] [2]: CssController handler class cannot be loaded

[Mon, 23 Apr 18 15:38:14 +0700][ERROR] [2]: CssController handler class cannot be loaded

[Mon, 23 Apr 18 15:38:59 +0700][ERROR] [2]: CssController handler class cannot be loaded

[Mon, 23 Apr 18 15:38:59 +0700][ERROR] [2]: CssController handler class cannot be loaded

[Mon, 23 Apr 18 15:45:44 +0700][ERROR] [2]: CssController handler class cannot be loaded

[Mon, 23 Apr 18 15:45:44 +0700][ERROR] [2]: CssController handler class cannot be loaded

[Mon, 23 Apr 18 15:46:04 +0700][ERROR] [2]: CssController handler class cannot be loaded

[Mon, 23 Apr 18 15:46:04 +0700][ERROR] [2]: CssController handler class cannot be loaded

[Mon, 23 Apr 18 15:46:08 +0700][ERROR] [2]: CssController handler class cannot be loaded

[Mon, 23 Apr 18 15:46:08 +0700][ERROR] [2]: CssController handler class cannot be loaded

[Mon, 23 Apr 18 15:46:35 +0700][ERROR] [2]: CssController handler class cannot be loaded

[Mon, 23 Apr 18 15:46:35 +0700][ERROR] [2]: CssController handler class cannot be loaded

[Mon, 23 Apr 18 15:46:36 +0700][ERROR] [2]: CssController handler class cannot be loaded

[Mon, 23 Apr 18 15:46:36 +0700][ERROR] [2]: CssController handler class cannot be loaded

[Mon, 23 Apr 18 15:46:50 +0700][ERROR] [2]: CssController handler class cannot be loaded

[Mon, 23 Apr 18 15:46:50 +0700][ERROR] [2]: CssController handler class cannot be loaded

[Mon, 23 Apr 18 15:46:52 +0700][ERROR] [2]: CssController handler class cannot be loaded

[Mon, 23 Apr 18 15:46:52 +0700][ERROR] [2]: CssController handler class cannot be loaded

[Mon, 23 Apr 18 15:46:57 +0700][ERROR] [2]: CssController handler class cannot be loaded

[Mon, 23 Apr 18 15:46:57 +0700][ERROR] [2]: CssController handler class cannot be loaded

[Mon, 23 Apr 18 15:47:02 +0700][ERROR] [2]: CssController handler class cannot be loaded

[Mon, 23 Apr 18 15:47:02 +0700][ERROR] [2]: CssController handler class cannot be loaded

[Mon, 23 Apr 18 15:47:09 +0700][ERROR] [2]: CssController handler class cannot be loaded

[Mon, 23 Apr 18 15:47:09 +0700][ERROR] [2]: CssController handler class cannot be loaded

[Mon, 23 Apr 18 15:50:18 +0700][ERROR] [2]: CssController handler class cannot be loaded

[Mon, 23 Apr 18 15:50:19 +0700][ERROR] [2]: CssController handler class cannot be loaded

[Mon, 23 Apr 18 15:50:20 +0700][ERROR] [2]: CssController handler class cannot be loaded

[Mon, 23 Apr 18 15:50:20 +0700][ERROR] [2]: CssController handler class cannot be loaded

[Mon, 23 Apr 18 15:50:33 +0700][ERROR] [5]: Action 'event' was not found on handler 'event'

[Mon, 23 Apr 18 15:50:33 +0700][ERROR] [2]: CssController handler class cannot be loaded

[Mon, 23 Apr 18 15:50:33 +0700][ERROR] [2]: CssController handler class cannot be loaded

[Mon, 23 Apr 18 15:50:35 +0700][ERROR] [5]: Action 'event' was not found on handler 'event'

[Mon, 23 Apr 18 15:50:35 +0700][ERROR] [2]: CssController handler class cannot be loaded

[Mon, 23 Apr 18 15:50:35 +0700][ERROR] [2]: CssController handler class cannot be loaded

[Mon, 23 Apr 18 15:50:36 +0700][ERROR] [5]: Action 'event' was not found on handler 'event'

[Mon, 23 Apr 18 15:50:36 +0700][ERROR] [2]: CssController handler class cannot be loaded

[Mon, 23 Apr 18 15:50:36 +0700][ERROR] [2]: CssController handler class cannot be loaded

[Mon, 23 Apr 18 15:50:38 +0700][ERROR] [5]: Action 'event' was not found on handler 'event'

[Mon, 23 Apr 18 15:50:38 +0700][ERROR] [2]: CssController handler class cannot be loaded

[Mon, 23 Apr 18 15:50:38 +0700][ERROR] [2]: CssController handler class cannot be loaded

[Mon, 23 Apr 18 15:50:41 +0700][ERROR] [2]: CssController handler class cannot be loaded

[Mon, 23 Apr 18 15:50:41 +0700][ERROR] [2]: CssController handler class cannot be loaded

[Mon, 23 Apr 18 15:50:57 +0700][ERROR] [2]: CssController handler class cannot be loaded

[Mon, 23 Apr 18 15:50:57 +0700][ERROR] [2]: CssController handler class cannot be loaded

[Mon, 23 Apr 18 15:51:08 +0700][ERROR] [2]: CssController handler class cannot be loaded

[Mon, 23 Apr 18 15:51:08 +0700][ERROR] [2]: CssController handler class cannot be loaded

[Mon, 23 Apr 18 15:51:10 +0700][ERROR] [2]: CssController handler class cannot be loaded

[Mon, 23 Apr 18 15:53:11 +0700][ERROR] [2]: CssController handler class cannot be loaded

[Mon, 23 Apr 18 15:53:11 +0700][ERROR] [2]: CssController handler class cannot be loaded

[Mon, 23 Apr 18 15:53:17 +0700][ERROR] [2]: CssController handler class cannot be loaded

[Mon, 23 Apr 18 15:53:17 +0700][ERROR] [2]: CssController handler class cannot be loaded

[Mon, 23 Apr 18 15:53:29 +0700][ERROR] [2]: CssController handler class cannot be loaded

[Mon, 23 Apr 18 15:53:33 +0700][ERROR] [2]: CssController handler class cannot be loaded

[Mon, 23 Apr 18 15:53:34 +0700][ERROR] [2]: CssController handler class cannot be loaded

[Mon, 23 Apr 18 15:54:28 +0700][ERROR] [2]: CssController handler class cannot be loaded

[Mon, 23 Apr 18 15:54:29 +0700][ERROR] [2]: CssController handler class cannot be loaded

[Mon, 23 Apr 18 15:54:30 +0700][ERROR] [2]: CssController handler class cannot be loaded

[Mon, 23 Apr 18 15:54:30 +0700][ERROR] [2]: CssController handler class cannot be loaded

[Mon, 23 Apr 18 15:54:32 +0700][ERROR] [2]: CssController handler class cannot be loaded

[Mon, 23 Apr 18 15:54:32 +0700][ERROR] [2]: CssController handler class cannot be loaded

[Mon, 23 Apr 18 15:56:00 +0700][ERROR] [2]: CssController handler class cannot be loaded

[Mon, 23 Apr 18 15:56:01 +0700][ERROR] [2]: CssController handler class cannot be loaded

[Mon, 23 Apr 18 15:56:03 +0700][ERROR] [2]: CssController handler class cannot be loaded

[Mon, 23 Apr 18 15:56:03 +0700][ERROR] [2]: CssController handler class cannot be loaded

[Mon, 23 Apr 18 15:56:05 +0700][ERROR] [2]: CssController handler class cannot be loaded

[Mon, 23 Apr 18 15:56:05 +0700][ERROR] [2]: CssController handler class cannot be loaded

[Mon, 23 Apr 18 15:56:08 +0700][ERROR] [2]: CssController handler class cannot be loaded

[Mon, 23 Apr 18 15:56:08 +0700][ERROR] [2]: CssController handler class cannot be loaded

[Mon, 23 Apr 18 15:56:09 +0700][ERROR] [2]: CssController handler class cannot be loaded

[Mon, 23 Apr 18 15:56:09 +0700][ERROR] [2]: CssController handler class cannot be loaded

[Mon, 23 Apr 18 15:56:11 +0700][ERROR] [2]: CssController handler class cannot be loaded

[Mon, 23 Apr 18 15:56:11 +0700][ERROR] [2]: CssController handler class cannot be loaded

[Mon, 23 Apr 18 15:56:16 +0700][ERROR] [2]: CssController handler class cannot be loaded

[Mon, 23 Apr 18 15:56:17 +0700][ERROR] [2]: CssController handler class cannot be loaded

[Mon, 23 Apr 18 15:56:19 +0700][ERROR] [2]: CssController handler class cannot be loaded

[Mon, 23 Apr 18 15:56:19 +0700][ERROR] [2]: CssController handler class cannot be loaded

[Mon, 23 Apr 18 15:56:20 +0700][ERROR] [2]: CssController handler class cannot be loaded

[Mon, 23 Apr 18 15:56:20 +0700][ERROR] [2]: CssController handler class cannot be loaded

[Mon, 23 Apr 18 15:56:24 +0700][ERROR] [2]: CssController handler class cannot be loaded

[Mon, 23 Apr 18 15:56:24 +0700][ERROR] [2]: CssController handler class cannot be loaded

[Mon, 23 Apr 18 15:57:25 +0700][ERROR] [2]: CssController handler class cannot be loaded

[Mon, 23 Apr 18 15:57:25 +0700][ERROR] [2]: CssController handler class cannot be loaded

[Mon, 23 Apr 18 15:57:48 +0700][ERROR] [2]: CssController handler class cannot be loaded

[Mon, 23 Apr 18 15:57:48 +0700][ERROR] [2]: CssController handler class cannot be loaded

[Mon, 23 Apr 18 15:57:50 +0700][ERROR] [2]: CssController handler class cannot be loaded

[Mon, 23 Apr 18 15:57:51 +0700][ERROR] [2]: CssController handler class cannot be loaded

[Mon, 23 Apr 18 15:57:51 +0700][ERROR] [2]: CssController handler class cannot be loaded

[Mon, 23 Apr 18 15:57:51 +0700][ERROR] [2]: CssController handler class cannot be loaded

[Mon, 23 Apr 18 15:57:53 +0700][ERROR] [2]: CssController handler class cannot be loaded

[Mon, 23 Apr 18 15:57:53 +0700][ERROR] [2]: CssController handler class cannot be loaded

[Mon, 23 Apr 18 15:58:01 +0700][ERROR] [2]: CssController handler class cannot be loaded

[Mon, 23 Apr 18 15:58:01 +0700][ERROR] [2]: CssController handler class cannot be loaded

[Mon, 23 Apr 18 15:58:04 +0700][ERROR] [2]: CssController handler class cannot be loaded

[Mon, 23 Apr 18 15:58:04 +0700][ERROR] [2]: CssController handler class cannot be loaded

[Mon, 23 Apr 18 15:58:05 +0700][ERROR] [2]: CssController handler class cannot be loaded

[Mon, 23 Apr 18 15:58:05 +0700][ERROR] [2]: CssController handler class cannot be loaded

[Mon, 23 Apr 18 15:58:07 +0700][ERROR] [2]: CssController handler class cannot be loaded

[Mon, 23 Apr 18 15:58:07 +0700][ERROR] [2]: CssController handler class cannot be loaded

[Mon, 23 Apr 18 15:58:19 +0700][ERROR] [2]: CssController handler class cannot be loaded

[Mon, 23 Apr 18 15:58:19 +0700][ERROR] [2]: CssController handler class cannot be loaded

[Mon, 23 Apr 18 15:58:23 +0700][ERROR] [2]: CssController handler class cannot be loaded

[Mon, 23 Apr 18 15:58:23 +0700][ERROR] [2]: CssController handler class cannot be loaded

[Mon, 23 Apr 18 15:58:27 +0700][ERROR] [2]: CssController handler class cannot be loaded

[Mon, 23 Apr 18 15:58:27 +0700][ERROR] [2]: CssController handler class cannot be loaded

[Mon, 23 Apr 18 15:58:31 +0700][ERROR] [2]: CssController handler class cannot be loaded

[Mon, 23 Apr 18 15:58:31 +0700][ERROR] [2]: CssController handler class cannot be loaded

[Mon, 23 Apr 18 15:58:33 +0700][ERROR] [2]: CssController handler class cannot be loaded

[Mon, 23 Apr 18 15:58:33 +0700][ERROR] [2]: CssController handler class cannot be loaded

[Mon, 23 Apr 18 15:58:37 +0700][ERROR] [2]: CssController handler class cannot be loaded

[Mon, 23 Apr 18 15:58:37 +0700][ERROR] [2]: CssController handler class cannot be loaded

[Mon, 23 Apr 18 15:58:40 +0700][ERROR] [2]: CssController handler class cannot be loaded

[Mon, 23 Apr 18 15:58:40 +0700][ERROR] [2]: CssController handler class cannot be loaded

[Mon, 23 Apr 18 15:59:23 +0700][ERROR] [2]: CssController handler class cannot be loaded

[Mon, 23 Apr 18 15:59:23 +0700][ERROR] [2]: CssController handler class cannot be loaded

[Mon, 23 Apr 18 15:59:36 +0700][ERROR] [2]: CssController handler class cannot be loaded

[Mon, 23 Apr 18 15:59:38 +0700][ERROR] [2]: CssController handler class cannot be loaded

[Mon, 23 Apr 18 15:59:38 +0700][ERROR] [2]: CssController handler class cannot be loaded

[Mon, 23 Apr 18 15:59:39 +0700][ERROR] [2]: CssController handler class cannot be loaded

[Mon, 23 Apr 18 15:59:39 +0700][ERROR] [2]: CssController handler class cannot be loaded

[Mon, 23 Apr 18 15:59:40 +0700][ERROR] [2]: CssController handler class cannot be loaded

[Mon, 23 Apr 18 15:59:40 +0700][ERROR] [2]: CssController handler class cannot be loaded

[Mon, 23 Apr 18 15:59:41 +0700][ERROR] [2]: CssController handler class cannot be loaded

[Mon, 23 Apr 18 15:59:41 +0700][ERROR] [2]: CssController handler class cannot be loaded

[Mon, 23 Apr 18 15:59:42 +0700][ERROR] [2]: CssController handler class cannot be loaded

[Mon, 23 Apr 18 15:59:43 +0700][ERROR] [2]: CssController handler class cannot be loaded

[Mon, 23 Apr 18 15:59:43 +0700][ERROR] [2]: CssController handler class cannot be loaded

[Mon, 23 Apr 18 15:59:45 +0700][ERROR] [2]: CssController handler class cannot be loaded

[Mon, 23 Apr 18 15:59:45 +0700][ERROR] [2]: CssController handler class cannot be loaded

[Mon, 23 Apr 18 15:59:47 +0700][ERROR] [2]: CssController handler class cannot be loaded

[Mon, 23 Apr 18 15:59:47 +0700][ERROR] [2]: CssController handler class cannot be loaded

[Mon, 23 Apr 18 16:00:05 +0700][ERROR] [2]: CssController handler class cannot be loaded

[Mon, 23 Apr 18 16:00:05 +0700][ERROR] [2]: CssController handler class cannot be loaded

[Mon, 23 Apr 18 16:00:09 +0700][ERROR] [2]: CssController handler class cannot be loaded

[Mon, 23 Apr 18 16:00:09 +0700][ERROR] [2]: CssController handler class cannot be loaded

[Mon, 23 Apr 18 16:01:43 +0700][ERROR] [2]: CssController handler class cannot be loaded

[Mon, 23 Apr 18 16:01:43 +0700][ERROR] [2]: CssController handler class cannot be loaded

[Mon, 23 Apr 18 16:01:44 +0700][ERROR] [2]: CssController handler class cannot be loaded

[Mon, 23 Apr 18 16:01:44 +0700][ERROR] [2]: CssController handler class cannot be loaded

[Mon, 23 Apr 18 16:01:47 +0700][ERROR] [2]: CssController handler class cannot be loaded

[Mon, 23 Apr 18 16:01:47 +0700][ERROR] [2]: CssController handler class cannot be loaded

[Mon, 23 Apr 18 16:01:53 +0700][ERROR] [2]: CssController handler class cannot be loaded

[Mon, 23 Apr 18 16:01:53 +0700][ERROR] [2]: CssController handler class cannot be loaded

[Mon, 23 Apr 18 16:01:56 +0700][ERROR] [5]: Action 'event' was not found on handler 'event'

[Mon, 23 Apr 18 16:01:56 +0700][ERROR] [2]: CssController handler class cannot be loaded

[Mon, 23 Apr 18 16:01:56 +0700][ERROR] [2]: CssController handler class cannot be loaded

[Mon, 23 Apr 18 16:01:58 +0700][ERROR] [5]: Action 'event' was not found on handler 'event'

[Mon, 23 Apr 18 16:01:58 +0700][ERROR] [2]: CssController handler class cannot be loaded

[Mon, 23 Apr 18 16:01:58 +0700][ERROR] [2]: CssController handler class cannot be loaded

[Mon, 23 Apr 18 16:02:00 +0700][ERROR] [2]: CssController handler class cannot be loaded

[Mon, 23 Apr 18 16:02:00 +0700][ERROR] [2]: CssController handler class cannot be loaded

[Mon, 23 Apr 18 16:02:06 +0700][ERROR] [2]: CssController handler class cannot be loaded

[Mon, 23 Apr 18 16:02:06 +0700][ERROR] [2]: CssController handler class cannot be loaded

[Mon, 23 Apr 18 16:02:11 +0700][ERROR] [2]: CssController handler class cannot be loaded

[Mon, 23 Apr 18 16:02:11 +0700][ERROR] [2]: CssController handler class cannot be loaded

[Mon, 23 Apr 18 16:02:24 +0700][ERROR] [2]: CssController handler class cannot be loaded

[Mon, 23 Apr 18 16:02:24 +0700][ERROR] [2]: CssController handler class cannot be loaded

[Mon, 23 Apr 18 16:02:30 +0700][ERROR] [2]: CssController handler class cannot be loaded

[Mon, 23 Apr 18 16:02:31 +0700][ERROR] [2]: CssController handler class cannot be loaded

[Mon, 23 Apr 18 16:02:32 +0700][ERROR] [2]: CssController handler class cannot be loaded

[Mon, 23 Apr 18 16:02:32 +0700][ERROR] [2]: CssController handler class cannot be loaded

[Mon, 23 Apr 18 16:02:35 +0700][ERROR] [2]: CssController handler class cannot be loaded

[Mon, 23 Apr 18 16:02:35 +0700][ERROR] [2]: CssController handler class cannot be loaded

[Mon, 23 Apr 18 16:02:37 +0700][ERROR] [2]: CssController handler class cannot be loaded

[Mon, 23 Apr 18 16:02:37 +0700][ERROR] [2]: CssController handler class cannot be loaded

[Mon, 23 Apr 18 16:02:42 +0700][ERROR] [2]: CssController handler class cannot be loaded

[Mon, 23 Apr 18 16:02:42 +0700][ERROR] [2]: CssController handler class cannot be loaded

[Mon, 23 Apr 18 16:02:50 +0700][ERROR] [2]: CssController handler class cannot be loaded

[Mon, 23 Apr 18 16:02:50 +0700][ERROR] [2]: CssController handler class cannot be loaded

[Mon, 23 Apr 18 16:02:53 +0700][ERROR] [2]: CssController handler class cannot be loaded

[Mon, 23 Apr 18 16:02:53 +0700][ERROR] [2]: CssController handler class cannot be loaded

[Mon, 23 Apr 18 16:02:57 +0700][ERROR] [2]: CssController handler class cannot be loaded

[Mon, 23 Apr 18 16:02:58 +0700][ERROR] [2]: CssController handler class cannot be loaded

[Mon, 23 Apr 18 16:02:58 +0700][ERROR] [2]: CssController handler class cannot be loaded

[Mon, 23 Apr 18 16:02:58 +0700][ERROR] [2]: CssController handler class cannot be loaded

[Mon, 23 Apr 18 16:02:59 +0700][ERROR] [2]: CssController handler class cannot be loaded

[Mon, 23 Apr 18 16:02:59 +0700][ERROR] [2]: CssController handler class cannot be loaded

[Mon, 23 Apr 18 16:02:59 +0700][ERROR] [2]: CssController handler class cannot be loaded

[Mon, 23 Apr 18 16:03:01 +0700][ERROR] [2]: CssController handler class cannot be loaded

[Mon, 23 Apr 18 16:03:14 +0700][ERROR] [2]: CssController handler class cannot be loaded

[Mon, 23 Apr 18 16:03:14 +0700][ERROR] [2]: CssController handler class cannot be loaded

[Mon, 23 Apr 18 16:03:16 +0700][ERROR] [2]: CssController handler class cannot be loaded

[Mon, 23 Apr 18 16:03:16 +0700][ERROR] [2]: CssController handler class cannot be loaded

[Mon, 23 Apr 18 16:03:17 +0700][ERROR] [2]: CssController handler class cannot be loaded

[Mon, 23 Apr 18 16:03:17 +0700][ERROR] [2]: CssController handler class cannot be loaded

[Mon, 23 Apr 18 16:03:43 +0700][ERROR] [2]: CssController handler class cannot be loaded

[Mon, 23 Apr 18 16:03:44 +0700][ERROR] [2]: CssController handler class cannot be loaded

[Mon, 23 Apr 18 16:03:57 +0700][ERROR] [2]: CssController handler class cannot be loaded

[Mon, 23 Apr 18 16:03:58 +0700][ERROR] [2]: CssController handler class cannot be loaded

[Mon, 23 Apr 18 16:03:59 +0700][ERROR] [2]: CssController handler class cannot be loaded

[Mon, 23 Apr 18 16:03:59 +0700][ERROR] [2]: CssController handler class cannot be loaded

[Mon, 23 Apr 18 16:04:03 +0700][ERROR] [2]: CssController handler class cannot be loaded

[Mon, 23 Apr 18 16:04:03 +0700][ERROR] [2]: CssController handler class cannot be loaded

[Mon, 23 Apr 18 16:04:05 +0700][ERROR] [2]: CssController handler class cannot be loaded

[Mon, 23 Apr 18 16:04:05 +0700][ERROR] [2]: CssController handler class cannot be loaded

[Mon, 23 Apr 18 16:06:38 +0700][ERROR] [2]: CssController handler class cannot be loaded

[Mon, 23 Apr 18 16:06:38 +0700][ERROR] [2]: CssController handler class cannot be loaded

[Mon, 23 Apr 18 16:06:40 +0700][ERROR] [2]: CssController handler class cannot be loaded

[Mon, 23 Apr 18 16:06:40 +0700][ERROR] [2]: CssController handler class cannot be loaded

[Mon, 23 Apr 18 16:07:26 +0700][ERROR] [2]: CssController handler class cannot be loaded

[Mon, 23 Apr 18 16:07:26 +0700][ERROR] [2]: CssController handler class cannot be loaded

[Mon, 23 Apr 18 16:07:37 +0700][ERROR] [2]: CssController handler class cannot be loaded

[Mon, 23 Apr 18 16:07:37 +0700][ERROR] [2]: CssController handler class cannot be loaded

[Mon, 23 Apr 18 16:07:39 +0700][ERROR] [2]: CssController handler class cannot be loaded

[Mon, 23 Apr 18 16:07:39 +0700][ERROR] [2]: CssController handler class cannot be loaded

[Mon, 23 Apr 18 16:08:11 +0700][ERROR] [2]: CssController handler class cannot be loaded

[Mon, 23 Apr 18 16:08:11 +0700][ERROR] [2]: CssController handler class cannot be loaded

[Mon, 23 Apr 18 16:08:19 +0700][ERROR] [2]: CssController handler class cannot be loaded

[Mon, 23 Apr 18 16:08:19 +0700][ERROR] [2]: CssController handler class cannot be loaded

[Mon, 23 Apr 18 16:08:21 +0700][ERROR] [2]: CssController handler class cannot be loaded

[Mon, 23 Apr 18 16:08:21 +0700][ERROR] [2]: CssController handler class cannot be loaded

[Mon, 23 Apr 18 16:11:51 +0700][ERROR] [2]: CssController handler class cannot be loaded

[Mon, 23 Apr 18 16:11:51 +0700][ERROR] [2]: CssController handler class cannot be loaded

[Mon, 23 Apr 18 16:12:06 +0700][ERROR] [2]: CssController handler class cannot be loaded

[Mon, 23 Apr 18 16:12:06 +0700][ERROR] [2]: CssController handler class cannot be loaded

[Mon, 23 Apr 18 16:12:29 +0700][ERROR] [2]: CssController handler class cannot be loaded

[Mon, 23 Apr 18 16:12:29 +0700][ERROR] [2]: CssController handler class cannot be loaded

[Mon, 23 Apr 18 16:15:28 +0700][ERROR] [2]: CssController handler class cannot be loaded

[Mon, 23 Apr 18 16:15:28 +0700][ERROR] [2]: CssController handler class cannot be loaded

[Mon, 23 Apr 18 16:15:30 +0700][ERROR] [2]: CssController handler class cannot be loaded

[Mon, 23 Apr 18 16:15:30 +0700][ERROR] [2]: CssController handler class cannot be loaded

[Mon, 23 Apr 18 16:15:41 +0700][ERROR] [5]: Action 'authen' was not found on handler 'event'

[Mon, 23 Apr 18 16:15:41 +0700][ERROR] [2]: CssController handler class cannot be loaded

[Mon, 23 Apr 18 16:15:41 +0700][ERROR] [2]: CssController handler class cannot be loaded

[Mon, 23 Apr 18 16:15:47 +0700][ERROR] [2]: CssController handler class cannot be loaded

[Mon, 23 Apr 18 16:15:47 +0700][ERROR] [2]: CssController handler class cannot be loaded

[Mon, 23 Apr 18 16:15:54 +0700][ERROR] [2]: CssController handler class cannot be loaded

[Mon, 23 Apr 18 16:15:54 +0700][ERROR] [2]: CssController handler class cannot be loaded

[Mon, 23 Apr 18 16:15:56 +0700][ERROR] [2]: CssController handler class cannot be loaded

[Mon, 23 Apr 18 16:15:56 +0700][ERROR] [2]: CssController handler class cannot be loaded

[Mon, 23 Apr 18 16:16:00 +0700][ERROR] [2]: CssController handler class cannot be loaded

[Mon, 23 Apr 18 16:16:00 +0700][ERROR] [2]: CssController handler class cannot be loaded

[Mon, 23 Apr 18 16:16:07 +0700][ERROR] [2]: CssController handler class cannot be loaded

[Mon, 23 Apr 18 16:16:07 +0700][ERROR] [2]: CssController handler class cannot be loaded

[Mon, 23 Apr 18 16:16:12 +0700][ERROR] [2]: CssController handler class cannot be loaded

[Mon, 23 Apr 18 16:16:12 +0700][ERROR] [2]: CssController handler class cannot be loaded

[Mon, 23 Apr 18 16:16:18 +0700][ERROR] [2]: CssController handler class cannot be loaded

[Mon, 23 Apr 18 16:16:19 +0700][ERROR] [2]: CssController handler class cannot be loaded

[Mon, 23 Apr 18 16:16:52 +0700][ERROR] [2]: CssController handler class cannot be loaded

[Mon, 23 Apr 18 16:16:52 +0700][ERROR] [2]: CssController handler class cannot be loaded

[Mon, 23 Apr 18 16:16:53 +0700][ERROR] [2]: CssController handler class cannot be loaded

[Mon, 23 Apr 18 16:16:53 +0700][ERROR] [2]: CssController handler class cannot be loaded

[Mon, 23 Apr 18 16:16:53 +0700][ERROR] [2]: CssController handler class cannot be loaded

[Mon, 23 Apr 18 16:16:54 +0700][ERROR] [2]: CssController handler class cannot be loaded

[Mon, 23 Apr 18 16:16:55 +0700][ERROR] [2]: CssController handler class cannot be loaded

[Mon, 23 Apr 18 16:16:55 +0700][ERROR] [2]: CssController handler class cannot be loaded

[Mon, 23 Apr 18 16:16:59 +0700][ERROR] [2]: CssController handler class cannot be loaded

[Mon, 23 Apr 18 16:16:59 +0700][ERROR] [2]: CssController handler class cannot be loaded

[Mon, 23 Apr 18 16:17:00 +0700][ERROR] [2]: CssController handler class cannot be loaded

[Mon, 23 Apr 18 16:17:00 +0700][ERROR] [2]: CssController handler class cannot be loaded

[Mon, 23 Apr 18 16:17:05 +0700][ERROR] [2]: CssController handler class cannot be loaded

[Mon, 23 Apr 18 16:17:05 +0700][ERROR] [2]: CssController handler class cannot be loaded

[Mon, 23 Apr 18 16:17:12 +0700][ERROR] [2]: CssController handler class cannot be loaded

[Mon, 23 Apr 18 16:17:12 +0700][ERROR] [2]: CssController handler class cannot be loaded

[Mon, 23 Apr 18 16:17:13 +0700][ERROR] [2]: CssController handler class cannot be loaded

[Mon, 23 Apr 18 16:17:13 +0700][ERROR] [2]: CssController handler class cannot be loaded

[Mon, 23 Apr 18 16:17:14 +0700][ERROR] [2]: CssController handler class cannot be loaded

[Mon, 23 Apr 18 16:17:14 +0700][ERROR] [2]: CssController handler class cannot be loaded

[Mon, 23 Apr 18 16:17:15 +0700][ERROR] [2]: CssController handler class cannot be loaded

[Mon, 23 Apr 18 16:17:15 +0700][ERROR] [2]: CssController handler class cannot be loaded

[Mon, 23 Apr 18 16:17:15 +0700][ERROR] [2]: CssController handler class cannot be loaded

[Mon, 23 Apr 18 16:17:15 +0700][ERROR] [2]: CssController handler class cannot be loaded

[Mon, 23 Apr 18 16:17:15 +0700][ERROR] [2]: CssController handler class cannot be loaded

[Mon, 23 Apr 18 16:19:24 +0700][ERROR] [2]: CssController handler class cannot be loaded

[Mon, 23 Apr 18 16:19:24 +0700][ERROR] [2]: CssController handler class cannot be loaded

[Mon, 23 Apr 18 16:19:26 +0700][ERROR] [2]: CssController handler class cannot be loaded

[Mon, 23 Apr 18 16:19:26 +0700][ERROR] [2]: CssController handler class cannot be loaded

[Mon, 23 Apr 18 16:19:29 +0700][ERROR] [2]: CssController handler class cannot be loaded

[Mon, 23 Apr 18 16:19:29 +0700][ERROR] [2]: CssController handler class cannot be loaded

[Mon, 23 Apr 18 16:19:32 +0700][ERROR] [2]: CssController handler class cannot be loaded

[Mon, 23 Apr 18 16:19:32 +0700][ERROR] [2]: CssController handler class cannot be loaded

[Mon, 23 Apr 18 16:19:43 +0700][ERROR] [2]: CssController handler class cannot be loaded

[Mon, 23 Apr 18 16:19:43 +0700][ERROR] [2]: CssController handler class cannot be loaded

[Mon, 23 Apr 18 16:19:46 +0700][ERROR] [2]: CssController handler class cannot be loaded

[Mon, 23 Apr 18 16:19:46 +0700][ERROR] [2]: CssController handler class cannot be loaded

[Mon, 23 Apr 18 16:23:00 +0700][ERROR] [2]: CssController handler class cannot be loaded

[Mon, 23 Apr 18 16:29:29 +0700][ERROR] [2]: CssController handler class cannot be loaded

[Mon, 23 Apr 18 16:29:29 +0700][ERROR] [2]: CssController handler class cannot be loaded

[Mon, 23 Apr 18 16:30:01 +0700][ERROR] [5]: Action 'event' was not found on handler 'event'

[Mon, 23 Apr 18 16:30:01 +0700][ERROR] [2]: CssController handler class cannot be loaded

[Mon, 23 Apr 18 16:30:01 +0700][ERROR] [2]: CssController handler class cannot be loaded

[Mon, 23 Apr 18 16:30:05 +0700][ERROR] [5]: Action 'event' was not found on handler 'event'

[Mon, 23 Apr 18 16:30:05 +0700][ERROR] [2]: CssController handler class cannot be loaded

[Mon, 23 Apr 18 16:30:05 +0700][ERROR] [2]: CssController handler class cannot be loaded

[Mon, 23 Apr 18 16:30:37 +0700][ERROR] [2]: CssController handler class cannot be loaded

[Mon, 23 Apr 18 16:30:38 +0700][ERROR] [2]: CssController handler class cannot be loaded

[Mon, 23 Apr 18 16:35:16 +0700][ERROR] [2]: CssController handler class cannot be loaded

[Mon, 23 Apr 18 16:35:16 +0700][ERROR] [2]: CssController handler class cannot be loaded

[Mon, 23 Apr 18 16:35:26 +0700][ERROR] [2]: CssController handler class cannot be loaded

[Mon, 23 Apr 18 16:35:26 +0700][ERROR] [2]: CssController handler class cannot be loaded

[Mon, 23 Apr 18 16:36:03 +0700][ERROR] [2]: CssController handler class cannot be loaded

[Mon, 23 Apr 18 16:36:03 +0700][ERROR] [2]: CssController handler class cannot be loaded

[Mon, 23 Apr 18 16:36:10 +0700][ERROR] [2]: CssController handler class cannot be loaded

[Mon, 23 Apr 18 16:36:10 +0700][ERROR] [2]: CssController handler class cannot be loaded

[Mon, 23 Apr 18 16:36:12 +0700][ERROR] [2]: CssController handler class cannot be loaded

[Mon, 23 Apr 18 16:36:12 +0700][ERROR] [2]: CssController handler class cannot be loaded

[Mon, 23 Apr 18 16:36:14 +0700][ERROR] [2]: CssController handler class cannot be loaded

[Mon, 23 Apr 18 16:36:14 +0700][ERROR] [2]: CssController handler class cannot be loaded

[Mon, 23 Apr 18 16:36:35 +0700][ERROR] [2]: CssController handler class cannot be loaded

[Mon, 23 Apr 18 16:36:35 +0700][ERROR] [2]: CssController handler class cannot be loaded

[Mon, 23 Apr 18 16:36:36 +0700][ERROR] [2]: CssController handler class cannot be loaded

[Mon, 23 Apr 18 16:36:36 +0700][ERROR] [2]: CssController handler class cannot be loaded

[Mon, 23 Apr 18 16:36:40 +0700][ERROR] [2]: CssController handler class cannot be loaded

[Mon, 23 Apr 18 16:36:40 +0700][ERROR] [2]: CssController handler class cannot be loaded

[Mon, 23 Apr 18 16:37:21 +0700][ERROR] [2]: CssController handler class cannot be loaded

[Mon, 23 Apr 18 16:37:21 +0700][ERROR] [2]: CssController handler class cannot be loaded

[Mon, 23 Apr 18 16:37:22 +0700][ERROR] [2]: CssController handler class cannot be loaded

[Mon, 23 Apr 18 16:37:23 +0700][ERROR] [2]: CssController handler class cannot be loaded

[Mon, 23 Apr 18 16:37:31 +0700][ERROR] [2]: CssController handler class cannot be loaded

[Mon, 23 Apr 18 16:37:31 +0700][ERROR] [2]: CssController handler class cannot be loaded

[Mon, 23 Apr 18 16:37:37 +0700][ERROR] [2]: CssController handler class cannot be loaded

[Mon, 23 Apr 18 16:37:37 +0700][ERROR] [2]: CssController handler class cannot be loaded

[Mon, 23 Apr 18 16:37:44 +0700][ERROR] [2]: CssController handler class cannot be loaded

[Mon, 23 Apr 18 16:37:44 +0700][ERROR] [2]: CssController handler class cannot be loaded

[Mon, 23 Apr 18 16:37:50 +0700][ERROR] [2]: CssController handler class cannot be loaded

[Mon, 23 Apr 18 16:37:50 +0700][ERROR] [2]: CssController handler class cannot be loaded

[Mon, 23 Apr 18 16:37:52 +0700][ERROR] [2]: CssController handler class cannot be loaded

[Mon, 23 Apr 18 16:37:52 +0700][ERROR] [2]: CssController handler class cannot be loaded

[Mon, 23 Apr 18 16:37:58 +0700][ERROR] [2]: CssController handler class cannot be loaded

[Mon, 23 Apr 18 16:37:58 +0700][ERROR] [2]: CssController handler class cannot be loaded

[Mon, 23 Apr 18 16:41:51 +0700][ERROR] [2]: CssController handler class cannot be loaded

[Mon, 23 Apr 18 16:41:52 +0700][ERROR] [2]: CssController handler class cannot be loaded

[Mon, 23 Apr 18 16:41:55 +0700][ERROR] [2]: CssController handler class cannot be loaded

[Mon, 23 Apr 18 16:41:55 +0700][ERROR] [2]: CssController handler class cannot be loaded

[Mon, 23 Apr 18 16:45:43 +0700][ERROR] [2]: CssController handler class cannot be loaded

[Mon, 23 Apr 18 16:45:43 +0700][ERROR] [2]: CssController handler class cannot be loaded

[Mon, 23 Apr 18 16:45:44 +0700][ERROR] [2]: CssController handler class cannot be loaded

[Mon, 23 Apr 18 16:45:44 +0700][ERROR] [2]: CssController handler class cannot be loaded

[Mon, 23 Apr 18 16:45:45 +0700][ERROR] [2]: CssController handler class cannot be loaded

[Mon, 23 Apr 18 16:45:45 +0700][ERROR] [2]: CssController handler class cannot be loaded

[Mon, 23 Apr 18 16:45:48 +0700][ERROR] [2]: CssController handler class cannot be loaded

[Mon, 23 Apr 18 16:45:48 +0700][ERROR] [2]: CssController handler class cannot be loaded

[Mon, 23 Apr 18 16:45:52 +0700][ERROR] [2]: CssController handler class cannot be loaded

[Mon, 23 Apr 18 16:45:52 +0700][ERROR] [2]: CssController handler class cannot be loaded

[Mon, 23 Apr 18 16:46:17 +0700][ERROR] [2]: CssController handler class cannot be loaded

[Mon, 23 Apr 18 16:46:17 +0700][ERROR] [2]: CssController handler class cannot be loaded

[Mon, 23 Apr 18 16:46:22 +0700][ERROR] [2]: CssController handler class cannot be loaded

[Mon, 23 Apr 18 16:46:22 +0700][ERROR] [2]: CssController handler class cannot be loaded

[Mon, 23 Apr 18 16:46:24 +0700][ERROR] [2]: CssController handler class cannot be loaded

[Mon, 23 Apr 18 16:46:24 +0700][ERROR] [2]: CssController handler class cannot be loaded

[Mon, 23 Apr 18 16:46:24 +0700][ERROR] [2]: CssController handler class cannot be loaded

[Mon, 23 Apr 18 16:46:24 +0700][ERROR] [2]: CssController handler class cannot be loaded

[Mon, 23 Apr 18 16:46:25 +0700][ERROR] [2]: CssController handler class cannot be loaded

[Mon, 23 Apr 18 16:46:25 +0700][ERROR] [2]: CssController handler class cannot be loaded

[Mon, 23 Apr 18 16:46:25 +0700][ERROR] [2]: CssController handler class cannot be loaded

[Mon, 23 Apr 18 16:46:25 +0700][ERROR] [2]: CssController handler class cannot be loaded

[Mon, 23 Apr 18 16:46:26 +0700][ERROR] [2]: CssController handler class cannot be loaded

[Mon, 23 Apr 18 16:46:26 +0700][ERROR] [2]: CssController handler class cannot be loaded

[Mon, 23 Apr 18 16:46:28 +0700][ERROR] [2]: CssController handler class cannot be loaded

[Mon, 23 Apr 18 16:46:28 +0700][ERROR] [2]: CssController handler class cannot be loaded

[Mon, 23 Apr 18 16:46:49 +0700][ERROR] [2]: CssController handler class cannot be loaded

[Mon, 23 Apr 18 16:46:50 +0700][ERROR] [2]: CssController handler class cannot be loaded

[Mon, 23 Apr 18 16:46:51 +0700][ERROR] [2]: CssController handler class cannot be loaded

[Mon, 23 Apr 18 16:46:51 +0700][ERROR] [2]: CssController handler class cannot be loaded

[Mon, 23 Apr 18 16:47:07 +0700][ERROR] [2]: CssController handler class cannot be loaded

[Mon, 23 Apr 18 16:47:07 +0700][ERROR] [2]: CssController handler class cannot be loaded

[Mon, 23 Apr 18 16:47:11 +0700][ERROR] [2]: CssController handler class cannot be loaded

[Mon, 23 Apr 18 16:47:11 +0700][ERROR] [2]: CssController handler class cannot be loaded

[Mon, 23 Apr 18 16:47:16 +0700][ERROR] [2]: CssController handler class cannot be loaded

[Mon, 23 Apr 18 16:47:17 +0700][ERROR] [2]: CssController handler class cannot be loaded

[Mon, 23 Apr 18 16:47:18 +0700][ERROR] [2]: CssController handler class cannot be loaded

[Mon, 23 Apr 18 16:47:46 +0700][ERROR] [2]: CssController handler class cannot be loaded

[Mon, 23 Apr 18 16:47:46 +0700][ERROR] [2]: CssController handler class cannot be loaded

[Mon, 23 Apr 18 16:47:49 +0700][ERROR] [2]: CssController handler class cannot be loaded

[Mon, 23 Apr 18 16:47:49 +0700][ERROR] [2]: CssController handler class cannot be loaded

[Mon, 23 Apr 18 16:47:53 +0700][ERROR] [2]: CssController handler class cannot be loaded

[Mon, 23 Apr 18 16:47:53 +0700][ERROR] [2]: CssController handler class cannot be loaded

[Mon, 23 Apr 18 16:47:54 +0700][ERROR] [2]: CssController handler class cannot be loaded

[Mon, 23 Apr 18 16:47:54 +0700][ERROR] [2]: CssController handler class cannot be loaded

[Mon, 23 Apr 18 16:47:57 +0700][ERROR] [2]: CssController handler class cannot be loaded

[Mon, 23 Apr 18 16:47:57 +0700][ERROR] [2]: CssController handler class cannot be loaded

[Mon, 23 Apr 18 16:47:58 +0700][ERROR] [2]: CssController handler class cannot be loaded

[Mon, 23 Apr 18 16:47:58 +0700][ERROR] [2]: CssController handler class cannot be loaded

[Mon, 23 Apr 18 16:48:00 +0700][ERROR] [2]: CssController handler class cannot be loaded

[Mon, 23 Apr 18 16:48:00 +0700][ERROR] [2]: CssController handler class cannot be loaded

[Mon, 23 Apr 18 16:48:04 +0700][ERROR] [2]: CssController handler class cannot be loaded

[Mon, 23 Apr 18 16:48:04 +0700][ERROR] [2]: CssController handler class cannot be loaded

[Mon, 23 Apr 18 16:48:06 +0700][ERROR] [2]: CssController handler class cannot be loaded

[Mon, 23 Apr 18 16:48:06 +0700][ERROR] [2]: CssController handler class cannot be loaded

[Mon, 23 Apr 18 16:48:14 +0700][ERROR] [2]: CssController handler class cannot be loaded

[Mon, 23 Apr 18 16:48:14 +0700][ERROR] [2]: CssController handler class cannot be loaded

[Mon, 23 Apr 18 16:48:35 +0700][ERROR] [2]: CssController handler class cannot be loaded

[Mon, 23 Apr 18 16:48:35 +0700][ERROR] [2]: CssController handler class cannot be loaded

[Mon, 23 Apr 18 16:49:00 +0700][ERROR] [2]: CssController handler class cannot be loaded

[Mon, 23 Apr 18 16:49:00 +0700][ERROR] [2]: CssController handler class cannot be loaded

[Mon, 23 Apr 18 16:50:02 +0700][ERROR] [2]: CssController handler class cannot be loaded

[Mon, 23 Apr 18 16:50:09 +0700][ERROR] [2]: CssController handler class cannot be loaded

[Mon, 23 Apr 18 16:50:09 +0700][ERROR] [2]: CssController handler class cannot be loaded

[Mon, 23 Apr 18 16:50:33 +0700][ERROR] [2]: CssController handler class cannot be loaded

[Mon, 23 Apr 18 16:50:34 +0700][ERROR] [2]: CssController handler class cannot be loaded

[Mon, 23 Apr 18 16:50:36 +0700][ERROR] [2]: CssController handler class cannot be loaded

[Mon, 23 Apr 18 16:50:36 +0700][ERROR] [2]: CssController handler class cannot be loaded

[Mon, 23 Apr 18 16:50:37 +0700][ERROR] [2]: CssController handler class cannot be loaded

[Mon, 23 Apr 18 16:50:38 +0700][ERROR] [2]: CssController handler class cannot be loaded

[Mon, 23 Apr 18 16:50:38 +0700][ERROR] [2]: CssController handler class cannot be loaded

[Mon, 23 Apr 18 16:50:38 +0700][ERROR] [2]: CssController handler class cannot be loaded

[Mon, 23 Apr 18 16:50:40 +0700][ERROR] [2]: CssController handler class cannot be loaded

[Mon, 23 Apr 18 16:50:40 +0700][ERROR] [2]: CssController handler class cannot be loaded

[Mon, 23 Apr 18 16:50:46 +0700][ERROR] [2]: CssController handler class cannot be loaded

[Mon, 23 Apr 18 16:50:46 +0700][ERROR] [2]: CssController handler class cannot be loaded

[Mon, 23 Apr 18 16:50:52 +0700][ERROR] [2]: CssController handler class cannot be loaded

[Mon, 23 Apr 18 16:50:52 +0700][ERROR] [2]: CssController handler class cannot be loaded

[Mon, 23 Apr 18 17:00:50 +0700][ERROR] [2]: CssController handler class cannot be loaded

[Mon, 23 Apr 18 17:02:15 +0700][ERROR] [2]: CssController handler class cannot be loaded

[Mon, 23 Apr 18 17:02:15 +0700][ERROR] [2]: CssController handler class cannot be loaded

[Mon, 23 Apr 18 17:02:22 +0700][ERROR] [2]: CssController handler class cannot be loaded

[Mon, 23 Apr 18 17:02:22 +0700][ERROR] [2]: CssController handler class cannot be loaded

[Mon, 23 Apr 18 17:02:23 +0700][ERROR] [2]: CssController handler class cannot be loaded

[Mon, 23 Apr 18 17:02:23 +0700][ERROR] [2]: CssController handler class cannot be loaded

[Mon, 23 Apr 18 17:02:48 +0700][ERROR] [2]: CssController handler class cannot be loaded

[Mon, 23 Apr 18 17:02:48 +0700][ERROR] [2]: CssController handler class cannot be loaded

[Mon, 23 Apr 18 17:02:50 +0700][ERROR] [2]: CssController handler class cannot be loaded

[Mon, 23 Apr 18 17:02:50 +0700][ERROR] [2]: CssController handler class cannot be loaded

[Mon, 23 Apr 18 17:02:53 +0700][ERROR] [2]: CssController handler class cannot be loaded

[Mon, 23 Apr 18 17:02:53 +0700][ERROR] [2]: CssController handler class cannot be loaded

[Mon, 23 Apr 18 17:03:00 +0700][ERROR] [2]: CssController handler class cannot be loaded

[Mon, 23 Apr 18 17:03:00 +0700][ERROR] [2]: CssController handler class cannot be loaded

[Mon, 23 Apr 18 17:03:34 +0700][ERROR] [2]: CssController handler class cannot be loaded

[Mon, 23 Apr 18 17:03:34 +0700][ERROR] [2]: CssController handler class cannot be loaded

[Mon, 23 Apr 18 17:03:34 +0700][ERROR] [2]: AboutController handler class cannot be loaded

[Mon, 23 Apr 18 17:03:34 +0700][ERROR] [2]: CssController handler class cannot be loaded

[Mon, 23 Apr 18 17:03:34 +0700][ERROR] [2]: CssController handler class cannot be loaded

[Mon, 23 Apr 18 17:03:45 +0700][ERROR] [2]: AboutController handler class cannot be loaded

[Mon, 23 Apr 18 17:03:45 +0700][ERROR] [2]: CssController handler class cannot be loaded

[Mon, 23 Apr 18 17:03:46 +0700][ERROR] [2]: CssController handler class cannot be loaded

[Mon, 23 Apr 18 17:03:46 +0700][ERROR] [2]: CssController handler class cannot be loaded

[Mon, 23 Apr 18 17:03:47 +0700][ERROR] [2]: CssController handler class cannot be loaded

[Mon, 23 Apr 18 17:03:48 +0700][ERROR] [2]: CssController handler class cannot be loaded

[Mon, 23 Apr 18 17:03:48 +0700][ERROR] [2]: CssController handler class cannot be loaded

[Mon, 23 Apr 18 17:03:49 +0700][ERROR] [2]: CssController handler class cannot be loaded

[Mon, 23 Apr 18 17:03:49 +0700][ERROR] [2]: CssController handler class cannot be loaded

[Mon, 23 Apr 18 17:03:59 +0700][ERROR] [2]: CssController handler class cannot be loaded

[Mon, 23 Apr 18 17:03:59 +0700][ERROR] [2]: CssController handler class cannot be loaded

[Mon, 23 Apr 18 17:04:31 +0700][ERROR] [2]: CssController handler class cannot be loaded

[Mon, 23 Apr 18 17:05:29 +0700][ERROR] [2]: CssController handler class cannot be loaded

[Mon, 23 Apr 18 17:05:29 +0700][ERROR] [2]: CssController handler class cannot be loaded

[Mon, 23 Apr 18 17:07:01 +0700][ERROR] [2]: CssController handler class cannot be loaded

[Mon, 23 Apr 18 17:07:01 +0700][ERROR] [2]: CssController handler class cannot be loaded

[Mon, 23 Apr 18 17:07:05 +0700][ERROR] [2]: CssController handler class cannot be loaded

[Mon, 23 Apr 18 17:07:05 +0700][ERROR] [2]: CssController handler class cannot be loaded

[Mon, 23 Apr 18 17:07:21 +0700][ERROR] [2]: CssController handler class cannot be loaded

[Mon, 23 Apr 18 17:07:21 +0700][ERROR] [2]: CssController handler class cannot be loaded

[Mon, 23 Apr 18 17:07:42 +0700][ERROR] [2]: CssController handler class cannot be loaded

[Mon, 23 Apr 18 17:07:42 +0700][ERROR] [2]: CssController handler class cannot be loaded

[Mon, 23 Apr 18 17:07:44 +0700][ERROR] [2]: CssController handler class cannot be loaded

[Mon, 23 Apr 18 17:07:44 +0700][ERROR] [2]: CssController handler class cannot be loaded

[Mon, 23 Apr 18 17:07:46 +0700][ERROR] [2]: CssController handler class cannot be loaded

[Mon, 23 Apr 18 17:07:46 +0700][ERROR] [2]: CssController handler class cannot be loaded

[Mon, 23 Apr 18 17:07:49 +0700][ERROR] [2]: CssController handler class cannot be loaded

[Mon, 23 Apr 18 17:07:49 +0700][ERROR] [2]: CssController handler class cannot be loaded

[Mon, 23 Apr 18 17:07:50 +0700][ERROR] [2]: CssController handler class cannot be loaded

[Mon, 23 Apr 18 17:07:50 +0700][ERROR] [2]: CssController handler class cannot be loaded

[Mon, 23 Apr 18 17:08:22 +0700][ERROR] [2]: CssController handler class cannot be loaded

[Mon, 23 Apr 18 17:08:22 +0700][ERROR] [2]: CssController handler class cannot be loaded

[Mon, 23 Apr 18 17:08:24 +0700][ERROR] [2]: CssController handler class cannot be loaded

[Mon, 23 Apr 18 17:08:24 +0700][ERROR] [2]: CssController handler class cannot be loaded

[Mon, 23 Apr 18 17:08:26 +0700][ERROR] [2]: CssController handler class cannot be loaded

[Mon, 23 Apr 18 17:08:27 +0700][ERROR] [2]: CssController handler class cannot be loaded

[Mon, 23 Apr 18 17:08:28 +0700][ERROR] [2]: CssController handler class cannot be loaded

[Mon, 23 Apr 18 17:08:28 +0700][ERROR] [2]: CssController handler class cannot be loaded

[Mon, 23 Apr 18 17:08:29 +0700][ERROR] [2]: CssController handler class cannot be loaded

[Mon, 23 Apr 18 17:08:29 +0700][ERROR] [2]: CssController handler class cannot be loaded

[Mon, 23 Apr 18 17:08:34 +0700][ERROR] [2]: CssController handler class cannot be loaded

[Mon, 23 Apr 18 17:08:34 +0700][ERROR] [2]: CssController handler class cannot be loaded

[Mon, 23 Apr 18 17:08:38 +0700][ERROR] [2]: CssController handler class cannot be loaded

[Mon, 23 Apr 18 17:08:38 +0700][ERROR] [2]: CssController handler class cannot be loaded

[Mon, 23 Apr 18 17:08:47 +0700][ERROR] [2]: CssController handler class cannot be loaded

[Mon, 23 Apr 18 17:08:47 +0700][ERROR] [2]: CssController handler class cannot be loaded

[Mon, 23 Apr 18 17:08:53 +0700][ERROR] [2]: CssController handler class cannot be loaded

[Mon, 23 Apr 18 17:08:53 +0700][ERROR] [2]: CssController handler class cannot be loaded

[Mon, 23 Apr 18 17:08:56 +0700][ERROR] [2]: CssController handler class cannot be loaded

[Mon, 23 Apr 18 17:08:56 +0700][ERROR] [2]: CssController handler class cannot be loaded

[Mon, 23 Apr 18 17:09:00 +0700][ERROR] [2]: CssController handler class cannot be loaded

[Mon, 23 Apr 18 17:09:00 +0700][ERROR] [2]: CssController handler class cannot be loaded

[Mon, 23 Apr 18 17:09:08 +0700][ERROR] [2]: CssController handler class cannot be loaded

[Mon, 23 Apr 18 17:09:08 +0700][ERROR] [2]: CssController handler class cannot be loaded

[Mon, 23 Apr 18 17:09:10 +0700][ERROR] [2]: CssController handler class cannot be loaded

[Mon, 23 Apr 18 17:09:10 +0700][ERROR] [2]: CssController handler class cannot be loaded

[Mon, 23 Apr 18 17:09:11 +0700][ERROR] [2]: CssController handler class cannot be loaded

[Mon, 23 Apr 18 17:09:11 +0700][ERROR] [2]: CssController handler class cannot be loaded

[Mon, 23 Apr 18 17:09:12 +0700][ERROR] [2]: CssController handler class cannot be loaded

[Mon, 23 Apr 18 17:09:12 +0700][ERROR] [2]: CssController handler class cannot be loaded

[Mon, 23 Apr 18 17:09:15 +0700][ERROR] [2]: CssController handler class cannot be loaded

[Mon, 23 Apr 18 17:09:15 +0700][ERROR] [2]: CssController handler class cannot be loaded

[Mon, 23 Apr 18 17:09:19 +0700][ERROR] [2]: CssController handler class cannot be loaded

[Mon, 23 Apr 18 17:09:19 +0700][ERROR] [2]: CssController handler class cannot be loaded

[Mon, 23 Apr 18 17:09:20 +0700][ERROR] [2]: CssController handler class cannot be loaded

[Mon, 23 Apr 18 17:09:20 +0700][ERROR] [2]: CssController handler class cannot be loaded

[Mon, 23 Apr 18 17:09:21 +0700][ERROR] [2]: CssController handler class cannot be loaded

[Mon, 23 Apr 18 17:09:21 +0700][ERROR] [2]: CssController handler class cannot be loaded

[Mon, 23 Apr 18 17:28:44 +0700][ERROR] [2]: CssController handler class cannot be loaded

[Mon, 23 Apr 18 17:28:44 +0700][ERROR] [2]: CssController handler class cannot be loaded

[Mon, 23 Apr 18 17:28:47 +0700][ERROR] [2]: CssController handler class cannot be loaded

[Mon, 23 Apr 18 17:42:57 +0700][ERROR] [2]: CssController handler class cannot be loaded

[Mon, 23 Apr 18 17:42:57 +0700][ERROR] [2]: CssController handler class cannot be loaded

[Mon, 23 Apr 18 17:43:25 +0700][ERROR] [2]: CssController handler class cannot be loaded

[Mon, 23 Apr 18 17:43:25 +0700][ERROR] [2]: CssController handler class cannot be loaded

[Mon, 23 Apr 18 17:43:54 +0700][ERROR] [2]: CssController handler class cannot be loaded

[Mon, 23 Apr 18 17:43:54 +0700][ERROR] [2]: CssController handler class cannot be loaded

[Mon, 23 Apr 18 17:44:04 +0700][ERROR] [2]: CssController handler class cannot be loaded

[Mon, 23 Apr 18 17:44:04 +0700][ERROR] [2]: CssController handler class cannot be loaded

[Mon, 23 Apr 18 17:46:19 +0700][ERROR] [2]: CssController handler class cannot be loaded

[Mon, 23 Apr 18 17:46:19 +0700][ERROR] [2]: CssController handler class cannot be loaded

[Mon, 23 Apr 18 17:46:44 +0700][ERROR] [2]: CssController handler class cannot be loaded

[Mon, 23 Apr 18 17:46:44 +0700][ERROR] [2]: CssController handler class cannot be loaded

[Mon, 23 Apr 18 17:46:47 +0700][ERROR] [2]: CssController handler class cannot be loaded

[Mon, 23 Apr 18 17:46:47 +0700][ERROR] [2]: CssController handler class cannot be loaded

[Mon, 23 Apr 18 17:46:48 +0700][ERROR] [2]: CssController handler class cannot be loaded

[Mon, 23 Apr 18 17:46:48 +0700][ERROR] [2]: CssController handler class cannot be loaded

[Mon, 23 Apr 18 17:46:49 +0700][ERROR] [5]: Action 'profile' was not found on handler 'event'

[Mon, 23 Apr 18 17:46:49 +0700][ERROR] [2]: CssController handler class cannot be loaded

[Mon, 23 Apr 18 17:46:49 +0700][ERROR] [2]: CssController handler class cannot be loaded

[Mon, 23 Apr 18 17:46:50 +0700][ERROR] [5]: Action 'event' was not found on handler 'event'

[Mon, 23 Apr 18 17:46:50 +0700][ERROR] [2]: CssController handler class cannot be loaded

[Mon, 23 Apr 18 17:46:50 +0700][ERROR] [2]: CssController handler class cannot be loaded

[Mon, 23 Apr 18 17:46:52 +0700][ERROR] [5]: Action 'event' was not found on handler 'event'

[Mon, 23 Apr 18 17:46:52 +0700][ERROR] [2]: CssController handler class cannot be loaded

[Mon, 23 Apr 18 17:46:53 +0700][ERROR] [2]: CssController handler class cannot be loaded

[Mon, 23 Apr 18 17:46:54 +0700][ERROR] [5]: Action 'profile' was not found on handler 'event'

[Mon, 23 Apr 18 17:46:54 +0700][ERROR] [2]: CssController handler class cannot be loaded

[Mon, 23 Apr 18 17:46:54 +0700][ERROR] [2]: CssController handler class cannot be loaded

[Mon, 23 Apr 18 17:46:55 +0700][ERROR] [2]: CssController handler class cannot be loaded

[Mon, 23 Apr 18 17:46:55 +0700][ERROR] [2]: CssController handler class cannot be loaded

[Mon, 23 Apr 18 17:47:06 +0700][ERROR] [2]: CssController handler class cannot be loaded

[Mon, 23 Apr 18 17:47:06 +0700][ERROR] [2]: CssController handler class cannot be loaded

[Mon, 23 Apr 18 17:47:07 +0700][ERROR] [2]: CssController handler class cannot be loaded

[Mon, 23 Apr 18 17:47:07 +0700][ERROR] [2]: CssController handler class cannot be loaded

[Mon, 23 Apr 18 17:47:11 +0700][ERROR] [2]: CssController handler class cannot be loaded

[Mon, 23 Apr 18 17:47:11 +0700][ERROR] [2]: CssController handler class cannot be loaded

[Mon, 23 Apr 18 17:47:14 +0700][ERROR] [2]: CssController handler class cannot be loaded

[Mon, 23 Apr 18 17:47:14 +0700][ERROR] [2]: CssController handler class cannot be loaded

[Mon, 23 Apr 18 17:47:15 +0700][ERROR] [2]: CssController handler class cannot be loaded

[Mon, 23 Apr 18 17:47:15 +0700][ERROR] [2]: CssController handler class cannot be loaded

[Mon, 23 Apr 18 17:47:16 +0700][ERROR] [2]: CssController handler class cannot be loaded

[Mon, 23 Apr 18 17:47:16 +0700][ERROR] [2]: CssController handler class cannot be loaded

[Mon, 23 Apr 18 17:47:59 +0700][ERROR] [5]: Action 'event' was not found on handler 'event'

[Mon, 23 Apr 18 17:47:59 +0700][ERROR] [2]: CssController handler class cannot be loaded

[Mon, 23 Apr 18 17:47:59 +0700][ERROR] [2]: CssController handler class cannot be loaded

[Mon, 23 Apr 18 17:48:01 +0700][ERROR] [5]: Action 'profile' was not found on handler 'event'

[Mon, 23 Apr 18 17:48:01 +0700][ERROR] [2]: CssController handler class cannot be loaded

[Mon, 23 Apr 18 17:48:01 +0700][ERROR] [2]: CssController handler class cannot be loaded

[Mon, 23 Apr 18 17:48:29 +0700][ERROR] [5]: Action 'profile' was not found on handler 'event'

[Mon, 23 Apr 18 17:48:29 +0700][ERROR] [2]: CssController handler class cannot be loaded

[Mon, 23 Apr 18 17:48:29 +0700][ERROR] [2]: CssController handler class cannot be loaded

[Mon, 23 Apr 18 17:48:30 +0700][ERROR] [5]: Action 'event' was not found on handler 'event'

[Mon, 23 Apr 18 17:48:30 +0700][ERROR] [2]: CssController handler class cannot be loaded

[Mon, 23 Apr 18 17:48:30 +0700][ERROR] [2]: CssController handler class cannot be loaded

[Mon, 23 Apr 18 17:48:31 +0700][ERROR] [5]: Action 'profile' was not found on handler 'event'

[Mon, 23 Apr 18 17:48:31 +0700][ERROR] [2]: CssController handler class cannot be loaded

[Mon, 23 Apr 18 17:48:31 +0700][ERROR] [2]: CssController handler class cannot be loaded

[Mon, 23 Apr 18 17:48:33 +0700][ERROR] [5]: Action 'event' was not found on handler 'event'

[Mon, 23 Apr 18 17:48:33 +0700][ERROR] [2]: CssController handler class cannot be loaded

[Mon, 23 Apr 18 17:48:33 +0700][ERROR] [2]: CssController handler class cannot be loaded

[Mon, 23 Apr 18 17:48:37 +0700][ERROR] [2]: CssController handler class cannot be loaded

[Mon, 23 Apr 18 17:48:37 +0700][ERROR] [2]: CssController handler class cannot be loaded

[Mon, 23 Apr 18 17:48:39 +0700][ERROR] [2]: CssController handler class cannot be loaded

[Mon, 23 Apr 18 17:48:39 +0700][ERROR] [2]: CssController handler class cannot be loaded

[Mon, 23 Apr 18 17:48:40 +0700][ERROR] [2]: CssController handler class cannot be loaded

[Mon, 23 Apr 18 17:48:40 +0700][ERROR] [2]: CssController handler class cannot be loaded

[Mon, 23 Apr 18 17:48:41 +0700][ERROR] [2]: CssController handler class cannot be loaded

[Mon, 23 Apr 18 17:48:42 +0700][ERROR] [2]: CssController handler class cannot be loaded

[Mon, 23 Apr 18 17:48:42 +0700][ERROR] [2]: CssController handler class cannot be loaded

[Mon, 23 Apr 18 17:48:42 +0700][ERROR] [2]: CssController handler class cannot be loaded

[Mon, 23 Apr 18 17:50:31 +0700][ERROR] [2]: CssController handler class cannot be loaded

[Mon, 23 Apr 18 17:50:31 +0700][ERROR] [2]: CssController handler class cannot be loaded

[Mon, 23 Apr 18 17:50:32 +0700][ERROR] [2]: CssController handler class cannot be loaded

[Mon, 23 Apr 18 17:50:32 +0700][ERROR] [2]: CssController handler class cannot be loaded

[Mon, 23 Apr 18 17:50:39 +0700][ERROR] [2]: CssController handler class cannot be loaded

[Mon, 23 Apr 18 17:50:39 +0700][ERROR] [2]: CssController handler class cannot be loaded

[Mon, 23 Apr 18 17:50:42 +0700][ERROR] [2]: CssController handler class cannot be loaded

[Mon, 23 Apr 18 17:50:42 +0700][ERROR] [2]: CssController handler class cannot be loaded

[Mon, 23 Apr 18 17:51:02 +0700][ERROR] [2]: CssController handler class cannot be loaded

[Mon, 23 Apr 18 17:51:02 +0700][ERROR] [2]: CssController handler class cannot be loaded

[Mon, 23 Apr 18 17:51:03 +0700][ERROR] [2]: CssController handler class cannot be loaded

[Mon, 23 Apr 18 17:51:03 +0700][ERROR] [2]: CssController handler class cannot be loaded

[Mon, 23 Apr 18 17:51:06 +0700][ERROR] [2]: CssController handler class cannot be loaded

[Mon, 23 Apr 18 17:51:06 +0700][ERROR] [2]: CssController handler class cannot be loaded

[Mon, 23 Apr 18 17:51:08 +0700][ERROR] [2]: CssController handler class cannot be loaded

[Mon, 23 Apr 18 17:51:08 +0700][ERROR] [2]: CssController handler class cannot be loaded

[Mon, 23 Apr 18 17:51:08 +0700][ERROR] [2]: CssController handler class cannot be loaded

[Mon, 23 Apr 18 17:51:08 +0700][ERROR] [2]: CssController handler class cannot be loaded

[Mon, 23 Apr 18 17:51:09 +0700][ERROR] [2]: CssController handler class cannot be loaded

[Mon, 23 Apr 18 17:51:09 +0700][ERROR] [2]: CssController handler class cannot be loaded

[Mon, 23 Apr 18 17:51:11 +0700][ERROR] [2]: CssController handler class cannot be loaded

[Mon, 23 Apr 18 17:51:11 +0700][ERROR] [2]: CssController handler class cannot be loaded

[Mon, 23 Apr 18 17:51:12 +0700][ERROR] [2]: CssController handler class cannot be loaded

[Mon, 23 Apr 18 17:51:12 +0700][ERROR] [2]: CssController handler class cannot be loaded

[Mon, 23 Apr 18 17:51:15 +0700][ERROR] [2]: CssController handler class cannot be loaded

[Mon, 23 Apr 18 17:51:15 +0700][ERROR] [2]: CssController handler class cannot be loaded

[Mon, 23 Apr 18 17:51:17 +0700][ERROR] [2]: CssController handler class cannot be loaded

[Mon, 23 Apr 18 17:51:17 +0700][ERROR] [2]: CssController handler class cannot be loaded

[Mon, 23 Apr 18 17:51:18 +0700][ERROR] [2]: CssController handler class cannot be loaded

[Mon, 23 Apr 18 17:51:18 +0700][ERROR] [2]: CssController handler class cannot be loaded

[Mon, 23 Apr 18 17:51:20 +0700][ERROR] [2]: CssController handler class cannot be loaded

[Mon, 23 Apr 18 17:51:20 +0700][ERROR] [2]: CssController handler class cannot be loaded

[Mon, 23 Apr 18 17:51:21 +0700][ERROR] [2]: CssController handler class cannot be loaded

[Mon, 23 Apr 18 17:51:22 +0700][ERROR] [2]: CssController handler class cannot be loaded

[Mon, 23 Apr 18 17:51:22 +0700][ERROR] [2]: CssController handler class cannot be loaded

[Mon, 23 Apr 18 17:51:24 +0700][ERROR] [2]: CssController handler class cannot be loaded

[Mon, 23 Apr 18 17:51:24 +0700][ERROR] [2]: CssController handler class cannot be loaded

[Mon, 23 Apr 18 17:51:25 +0700][ERROR] [2]: CssController handler class cannot be loaded

[Mon, 23 Apr 18 17:51:25 +0700][ERROR] [2]: CssController handler class cannot be loaded

[Mon, 23 Apr 18 17:51:26 +0700][ERROR] [2]: CssController handler class cannot be loaded

[Mon, 23 Apr 18 17:51:26 +0700][ERROR] [2]: CssController handler class cannot be loaded

[Mon, 23 Apr 18 17:51:27 +0700][ERROR] [2]: CssController handler class cannot be loaded

[Mon, 23 Apr 18 17:51:27 +0700][ERROR] [2]: CssController handler class cannot be loaded

[Mon, 23 Apr 18 17:51:29 +0700][ERROR] [2]: CssController handler class cannot be loaded

[Mon, 23 Apr 18 17:51:29 +0700][ERROR] [2]: CssController handler class cannot be loaded

[Mon, 23 Apr 18 17:51:30 +0700][ERROR] [2]: CssController handler class cannot be loaded

[Mon, 23 Apr 18 17:51:31 +0700][ERROR] [2]: CssController handler class cannot be loaded

[Mon, 23 Apr 18 17:51:32 +0700][ERROR] [2]: CssController handler class cannot be loaded

[Mon, 23 Apr 18 17:51:32 +0700][ERROR] [2]: CssController handler class cannot be loaded

[Mon, 23 Apr 18 17:51:32 +0700][ERROR] [2]: CssController handler class cannot be loaded

[Mon, 23 Apr 18 17:51:32 +0700][ERROR] [2]: CssController handler class cannot be loaded

[Mon, 23 Apr 18 17:51:33 +0700][ERROR] [2]: CssController handler class cannot be loaded

[Mon, 23 Apr 18 17:51:33 +0700][ERROR] [2]: CssController handler class cannot be loaded

[Mon, 23 Apr 18 17:51:43 +0700][ERROR] [2]: CssController handler class cannot be loaded

[Mon, 23 Apr 18 17:51:43 +0700][ERROR] [2]: CssController handler class cannot be loaded

[Mon, 23 Apr 18 17:52:34 +0700][ERROR] [2]: CssController handler class cannot be loaded

[Mon, 23 Apr 18 17:52:34 +0700][ERROR] [2]: CssController handler class cannot be loaded

[Mon, 23 Apr 18 17:52:52 +0700][ERROR] [2]: CssController handler class cannot be loaded

[Mon, 23 Apr 18 17:52:52 +0700][ERROR] [2]: CssController handler class cannot be loaded

[Mon, 23 Apr 18 17:55:24 +0700][ERROR] [2]: CssController handler class cannot be loaded

[Mon, 23 Apr 18 17:57:29 +0700][ERROR] [2]: CssController handler class cannot be loaded

[Mon, 23 Apr 18 17:59:57 +0700][ERROR] [2]: CssController handler class cannot be loaded

[Mon, 23 Apr 18 18:00:45 +0700][ERROR] [2]: CssController handler class cannot be loaded

[Mon, 23 Apr 18 18:00:45 +0700][ERROR] [2]: CssController handler class cannot be loaded

[Mon, 23 Apr 18 18:01:03 +0700][ERROR] [2]: CssController handler class cannot be loaded

[Mon, 23 Apr 18 18:01:03 +0700][ERROR] [2]: CssController handler class cannot be loaded

[Mon, 23 Apr 18 18:01:06 +0700][ERROR] [2]: CssController handler class cannot be loaded

[Mon, 23 Apr 18 18:01:06 +0700][ERROR] [2]: CssController handler class cannot be loaded

[Mon, 23 Apr 18 18:03:47 +0700][ERROR] [2]: CssController handler class cannot be loaded

[Mon, 23 Apr 18 18:04:18 +0700][ERROR] [2]: CssController handler class cannot be loaded

[Mon, 23 Apr 18 18:04:18 +0700][ERROR] [2]: CssController handler class cannot be loaded

[Mon, 23 Apr 18 18:04:51 +0700][ERROR] [2]: CssController handler class cannot be loaded

[Mon, 23 Apr 18 18:04:51 +0700][ERROR] [2]: CssController handler class cannot be loaded

[Mon, 23 Apr 18 18:05:10 +0700][ERROR] [2]: CssController handler class cannot be loaded

[Mon, 23 Apr 18 18:05:10 +0700][ERROR] [2]: CssController handler class cannot be loaded

[Mon, 23 Apr 18 18:06:00 +0700][ERROR] [2]: CssController handler class cannot be loaded

[Mon, 23 Apr 18 18:06:00 +0700][ERROR] [2]: CssController handler class cannot be loaded

[Mon, 23 Apr 18 18:06:08 +0700][ERROR] [2]: CssController handler class cannot be loaded

[Mon, 23 Apr 18 18:06:08 +0700][ERROR] [2]: CssController handler class cannot be loaded

[Mon, 23 Apr 18 18:06:19 +0700][ERROR] [2]: CssController handler class cannot be loaded

[Mon, 23 Apr 18 18:06:19 +0700][ERROR] [2]: CssController handler class cannot be loaded

[Mon, 23 Apr 18 18:06:26 +0700][ERROR] [2]: CssController handler class cannot be loaded

[Mon, 23 Apr 18 18:06:26 +0700][ERROR] [2]: CssController handler class cannot be loaded

[Mon, 23 Apr 18 18:06:37 +0700][ERROR] [2]: CssController handler class cannot be loaded

[Mon, 23 Apr 18 18:06:37 +0700][ERROR] [2]: CssController handler class cannot be loaded

[Mon, 23 Apr 18 18:06:48 +0700][ERROR] [2]: CssController handler class cannot be loaded

[Mon, 23 Apr 18 18:06:48 +0700][ERROR] [2]: CssController handler class cannot be loaded

[Mon, 23 Apr 18 18:06:57 +0700][ERROR] [2]: CssController handler class cannot be loaded

[Mon, 23 Apr 18 18:07:07 +0700][ERROR] [2]: CssController handler class cannot be loaded

[Mon, 23 Apr 18 18:07:08 +0700][ERROR] [2]: CssController handler class cannot be loaded

[Mon, 23 Apr 18 18:07:19 +0700][ERROR] [2]: CssController handler class cannot be loaded

[Mon, 23 Apr 18 18:07:19 +0700][ERROR] [2]: CssController handler class cannot be loaded

[Mon, 23 Apr 18 18:07:27 +0700][ERROR] [2]: CssController handler class cannot be loaded

[Mon, 23 Apr 18 18:07:27 +0700][ERROR] [2]: CssController handler class cannot be loaded

[Mon, 23 Apr 18 18:07:40 +0700][ERROR] [2]: CssController handler class cannot be loaded

[Mon, 23 Apr 18 18:07:40 +0700][ERROR] [2]: CssController handler class cannot be loaded

[Mon, 23 Apr 18 18:07:41 +0700][ERROR] [2]: CssController handler class cannot be loaded

[Mon, 23 Apr 18 18:07:41 +0700][ERROR] [2]: CssController handler class cannot be loaded

[Mon, 23 Apr 18 18:07:52 +0700][ERROR] [2]: CssController handler class cannot be loaded

[Mon, 23 Apr 18 18:07:53 +0700][ERROR] [2]: CssController handler class cannot be loaded

[Mon, 23 Apr 18 18:07:57 +0700][ERROR] [2]: CssController handler class cannot be loaded

[Mon, 23 Apr 18 18:07:58 +0700][ERROR] [2]: CssController handler class cannot be loaded

[Mon, 23 Apr 18 18:08:05 +0700][ERROR] [2]: CssController handler class cannot be loaded

[Mon, 23 Apr 18 18:08:05 +0700][ERROR] [2]: CssController handler class cannot be loaded

[Mon, 23 Apr 18 18:08:15 +0700][ERROR] [2]: CssController handler class cannot be loaded

[Mon, 23 Apr 18 18:08:15 +0700][ERROR] [2]: CssController handler class cannot be loaded

[Mon, 23 Apr 18 18:08:22 +0700][ERROR] [2]: CssController handler class cannot be loaded

[Mon, 23 Apr 18 18:08:22 +0700][ERROR] [2]: CssController handler class cannot be loaded

[Mon, 23 Apr 18 18:08:29 +0700][ERROR] [2]: CssController handler class cannot be loaded

[Mon, 23 Apr 18 18:08:35 +0700][ERROR] [2]: CssController handler class cannot be loaded

[Mon, 23 Apr 18 18:08:35 +0700][ERROR] [2]: CssController handler class cannot be loaded

[Mon, 23 Apr 18 18:08:40 +0700][ERROR] [2]: CssController handler class cannot be loaded

[Mon, 23 Apr 18 18:08:40 +0700][ERROR] [2]: CssController handler class cannot be loaded

[Mon, 23 Apr 18 18:09:39 +0700][ERROR] [2]: CssController handler class cannot be loaded

[Mon, 23 Apr 18 18:09:39 +0700][ERROR] [2]: CssController handler class cannot be loaded

[Mon, 23 Apr 18 18:10:26 +0700][ERROR] [5]: Action 'event' was not found on handler 'event'

[Mon, 23 Apr 18 18:10:26 +0700][ERROR] [2]: CssController handler class cannot be loaded

[Mon, 23 Apr 18 18:10:27 +0700][ERROR] [2]: CssController handler class cannot be loaded

[Mon, 23 Apr 18 18:10:35 +0700][ERROR] [2]: CssController handler class cannot be loaded

[Mon, 23 Apr 18 18:10:36 +0700][ERROR] [2]: CssController handler class cannot be loaded

[Mon, 23 Apr 18 18:10:38 +0700][ERROR] [2]: CssController handler class cannot be loaded

[Mon, 23 Apr 18 18:10:38 +0700][ERROR] [2]: CssController handler class cannot be loaded

[Mon, 23 Apr 18 18:19:37 +0700][ERROR] [2]: CssController handler class cannot be loaded

[Mon, 23 Apr 18 18:19:37 +0700][ERROR] [2]: CssController handler class cannot be loaded

[Mon, 23 Apr 18 18:19:39 +0700][ERROR] [2]: CssController handler class cannot be loaded

[Mon, 23 Apr 18 18:19:39 +0700][ERROR] [2]: CssController handler class cannot be loaded

[Mon, 23 Apr 18 18:19:40 +0700][ERROR] [2]: CssController handler class cannot be loaded

[Mon, 23 Apr 18 18:19:40 +0700][ERROR] [2]: CssController handler class cannot be loaded

[Mon, 23 Apr 18 18:19:41 +0700][ERROR] [2]: CssController handler class cannot be loaded

[Mon, 23 Apr 18 18:19:41 +0700][ERROR] [2]: CssController handler class cannot be loaded

[Mon, 23 Apr 18 18:19:50 +0700][ERROR] [2]: CssController handler class cannot be loaded

[Mon, 23 Apr 18 18:19:50 +0700][ERROR] [2]: CssController handler class cannot be loaded

[Mon, 23 Apr 18 18:19:51 +0700][ERROR] [2]: CssController handler class cannot be loaded

[Mon, 23 Apr 18 18:19:51 +0700][ERROR] [2]: CssController handler class cannot be loaded

[Mon, 23 Apr 18 18:19:52 +0700][ERROR] [2]: CssController handler class cannot be loaded

[Mon, 23 Apr 18 18:19:52 +0700][ERROR] [2]: CssController handler class cannot be loaded

[Mon, 23 Apr 18 18:35:40 +0700][ERROR] [2]: CssController handler class cannot be loaded

[Mon, 23 Apr 18 18:35:40 +0700][ERROR] [2]: CssController handler class cannot be loaded

[Mon, 23 Apr 18 18:35:42 +0700][ERROR] [2]: CssController handler class cannot be loaded

[Mon, 23 Apr 18 18:35:42 +0700][ERROR] [2]: CssController handler class cannot be loaded

[Mon, 23 Apr 18 18:35:45 +0700][ERROR] [2]: CssController handler class cannot be loaded

[Mon, 23 Apr 18 18:35:45 +0700][ERROR] [2]: CssController handler class cannot be loaded

[Mon, 23 Apr 18 18:35:47 +0700][ERROR] [2]: CssController handler class cannot be loaded

[Mon, 23 Apr 18 18:35:47 +0700][ERROR] [2]: CssController handler class cannot be loaded

[Mon, 23 Apr 18 18:35:54 +0700][ERROR] [2]: CssController handler class cannot be loaded

[Mon, 23 Apr 18 18:35:54 +0700][ERROR] [2]: CssController handler class cannot be loaded

[Mon, 23 Apr 18 18:42:37 +0700][ERROR] [2]: CssController handler class cannot be loaded

[Mon, 23 Apr 18 18:42:37 +0700][ERROR] [2]: CssController handler class cannot be loaded

[Mon, 23 Apr 18 18:42:39 +0700][ERROR] [2]: CssController handler class cannot be loaded

[Mon, 23 Apr 18 18:42:39 +0700][ERROR] [2]: CssController handler class cannot be loaded

[Mon, 23 Apr 18 18:42:44 +0700][ERROR] [2]: CssController handler class cannot be loaded

[Mon, 23 Apr 18 18:42:44 +0700][ERROR] [2]: CssController handler class cannot be loaded

[Mon, 23 Apr 18 18:42:45 +0700][ERROR] [2]: CssController handler class cannot be loaded

[Mon, 23 Apr 18 18:42:45 +0700][ERROR] [2]: CssController handler class cannot be loaded

[Mon, 23 Apr 18 18:43:41 +0700][ERROR] [2]: CssController handler class cannot be loaded

[Mon, 23 Apr 18 18:43:41 +0700][ERROR] [2]: CssController handler class cannot be loaded

[Mon, 23 Apr 18 18:43:44 +0700][ERROR] [2]: CssController handler class cannot be loaded

[Mon, 23 Apr 18 18:43:44 +0700][ERROR] [2]: CssController handler class cannot be loaded

[Mon, 23 Apr 18 18:43:56 +0700][ERROR] [2]: CssController handler class cannot be loaded

[Mon, 23 Apr 18 18:43:56 +0700][ERROR] [2]: CssController handler class cannot be loaded

[Mon, 23 Apr 18 18:47:41 +0700][ERROR] [2]: CssController handler class cannot be loaded

[Mon, 23 Apr 18 18:47:41 +0700][ERROR] [2]: CssController handler class cannot be loaded

[Mon, 23 Apr 18 18:47:54 +0700][ERROR] [2]: CssController handler class cannot be loaded

[Mon, 23 Apr 18 18:47:54 +0700][ERROR] [2]: CssController handler class cannot be loaded

[Mon, 23 Apr 18 18:50:04 +0700][ERROR] [2]: CssController handler class cannot be loaded

[Mon, 23 Apr 18 18:50:04 +0700][ERROR] [2]: CssController handler class cannot be loaded

[Mon, 23 Apr 18 18:50:11 +0700][ERROR] [2]: CssController handler class cannot be loaded

[Mon, 23 Apr 18 18:50:11 +0700][ERROR] [2]: CssController handler class cannot be loaded

[Mon, 23 Apr 18 18:51:36 +0700][ERROR] [2]: CssController handler class cannot be loaded

[Mon, 23 Apr 18 18:51:36 +0700][ERROR] [2]: CssController handler class cannot be loaded

[Mon, 23 Apr 18 18:51:39 +0700][ERROR] [2]: CssController handler class cannot be loaded

[Mon, 23 Apr 18 18:51:39 +0700][ERROR] [2]: CssController handler class cannot be loaded

[Mon, 23 Apr 18 18:51:45 +0700][ERROR] [2]: CssController handler class cannot be loaded

[Mon, 23 Apr 18 18:51:52 +0700][ERROR] [2]: CssController handler class cannot be loaded

[Mon, 23 Apr 18 18:51:52 +0700][ERROR] [2]: CssController handler class cannot be loaded

[Mon, 23 Apr 18 18:51:57 +0700][ERROR] [2]: CssController handler class cannot be loaded

[Mon, 23 Apr 18 18:51:57 +0700][ERROR] [2]: CssController handler class cannot be loaded

[Mon, 23 Apr 18 18:52:00 +0700][ERROR] [2]: CssController handler class cannot be loaded

[Mon, 23 Apr 18 18:52:01 +0700][ERROR] [2]: CssController handler class cannot be loaded

[Mon, 23 Apr 18 19:19:06 +0700][ERROR] [2]: CssController handler class cannot be loaded

[Mon, 23 Apr 18 19:19:07 +0700][ERROR] [2]: CssController handler class cannot be loaded

[Mon, 23 Apr 18 19:19:18 +0700][ERROR] [2]: CssController handler class cannot be loaded

[Mon, 23 Apr 18 19:19:18 +0700][ERROR] [2]: CssController handler class cannot be loaded

[Mon, 23 Apr 18 19:19:20 +0700][ERROR] [2]: CssController handler class cannot be loaded

[Mon, 23 Apr 18 19:19:20 +0700][ERROR] [2]: CssController handler class cannot be loaded

